[0414/104421.637:ERROR:process_memory_win.cc(73)] ReadMemory at 0x16e6e3de1e0 of 72 bytes failed: 仅完成部分的 ReadProcessMemory 或 WriteProcessMemory 请求。 (0x12B)
[0414/104421.640:WARNING:pe_image_annotations_reader.cc(134)] could not read annotations list object in C:\Program Files (x86)\Google\Chrome\Application\73.0.3683.103\chrome_elf.dll
[0414/104421.640:ERROR:process_memory_win.cc(73)] ReadMemory at 0x16e6e39ddd0 of 72 bytes failed: 仅完成部分的 ReadProcessMemory 或 WriteProcessMemory 请求。 (0x12B)
[0414/104421.640:WARNING:pe_image_annotations_reader.cc(134)] could not read annotations list object in C:\Program Files (x86)\Google\Chrome\Application\73.0.3683.103\chrome_child.dll
[0414/104421.640:ERROR:process_memory_win.cc(73)] ReadMemory at 0x16e6fcc0000 of 64 bytes failed: 仅完成部分的 ReadProcessMemory 或 WriteProcessMemory 请求。 (0x12B)
[0414/104421.948:WARNING:pe_image_reader.cc(340)] could not read dos header from C:\WINDOWS\System32\OLEAUT32.dll
[0414/104421.948:ERROR:process_memory_win.cc(73)] ReadMemory at 0x7fff1e8c0000 of 64 bytes failed: 仅完成部分的 ReadProcessMemory 或 WriteProcessMemory 请求。 (0x12B)
[0414/104421.948:WARNING:pe_image_reader.cc(340)] could not read dos header from C:\WINDOWS\System32\WINTRUST.dll
[0414/104421.948:ERROR:process_memory_win.cc(73)] ReadMemory at 0x7fff1dc70000 of 64 bytes failed: 仅完成部分的 ReadProcessMemory 或 WriteProcessMemory 请求。 (0x12B)
[0414/104421.948:WARNING:pe_image_reader.cc(340)] could not read dos header from C:\WINDOWS\System32\MSASN1.dll
[0414/104421.948:ERROR:process_memory_win.cc(73)] ReadMemory at 0x7fff1dea0000 of 64 bytes failed: 仅完成部分的 ReadProcessMemory 或 WriteProcessMemory 请求。 (0x12B)
[0414/104421.948:WARNING:pe_image_reader.cc(340)] could not read dos header from C:\WINDOWS\System32\CRYPT32.dll
[0414/104421.948:ERROR:process_memory_win.cc(73)] ReadMemory at 0x7fff21700000 of 64 bytes failed: 仅完成部分的 ReadProcessMemory 或 WriteProcessMemory 请求。 (0x12B)
[0414/104421.948:WARNING:pe_image_reader.cc(340)] could not read dos header from C:\WINDOWS\System32\COMDLG32.dll
[0414/104421.948:ERROR:process_memory_win.cc(73)] ReadMemory at 0x7fff1d1f0000 of 64 bytes failed: 仅完成部分的 ReadProcessMemory 或 WriteProcessMemory 请求。 (0x12B)
[0414/104421.948:WARNING:pe_image_reader.cc(340)] could not read dos header from C:\WINDOWS\SYSTEM32\IPHLPAPI.DLL
[0414/104421.948:ERROR:process_memory_win.cc(73)] ReadMemory at 0x7fff13da0000 of 64 bytes failed: 仅完成部分的 ReadProcessMemory 或 WriteProcessMemory 请求。 (0x12B)
[0414/104421.948:WARNING:pe_image_reader.cc(340)] could not read dos header from C:\WINDOWS\SYSTEM32\OLEACC.dll
[0414/104421.948:ERROR:process_memory_win.cc(73)] ReadMemory at 0x7fff16200000 of 64 bytes failed: 仅完成部分的 ReadProcessMemory 或 WriteProcessMemory 请求。 (0x12B)
[0414/104421.948:WARNING:pe_image_reader.cc(340)] could not read dos header from C:\WINDOWS\SYSTEM32\DWrite.dll
[0414/104421.948:ERROR:process_memory_win.cc(73)] ReadMemory at 0x7fff1c960000 of 64 bytes failed: 仅完成部分的 ReadProcessMemory 或 WriteProcessMemory 请求。 (0x12B)
[0414/104421.948:WARNING:pe_image_reader.cc(340)] could not read dos header from C:\WINDOWS\SYSTEM32\dxgi.dll
[0414/104421.948:ERROR:process_memory_win.cc(73)] ReadMemory at 0x7ffef1640000 of 64 bytes failed: 仅完成部分的 ReadProcessMemory 或 WriteProcessMemory 请求。 (0x12B)
[0414/104421.948:WARNING:pe_image_reader.cc(340)] could not read dos header from C:\WINDOWS\SYSTEM32\WINSPOOL.DRV
[0414/104421.948:ERROR:process_memory_win.cc(73)] ReadMemory at 0x7fff0de90000 of 64 bytes failed: 仅完成部分的 ReadProcessMemory 或 WriteProcessMemory 请求。 (0x12B)
[0414/104421.948:WARNING:pe_image_reader.cc(340)] could not read dos header from C:\WINDOWS\SYSTEM32\dbghelp.dll
[0414/104421.949:ERROR:process_memory_win.cc(73)] ReadMemory at 0x7fff0b3b0000 of 64 bytes failed: 仅完成部分的 ReadProcessMemory 或 WriteProcessMemory 请求。 (0x12B)
[0414/104421.949:WARNING:pe_image_reader.cc(340)] could not read dos header from C:\WINDOWS\SYSTEM32\USP10.dll
[0414/104421.949:ERROR:process_memory_win.cc(73)] ReadMemory at 0x7fff13ea0000 of 64 bytes failed: 仅完成部分的 ReadProcessMemory 或 WriteProcessMemory 请求。 (0x12B)
[0414/104421.949:WARNING:pe_image_reader.cc(340)] could not read dos header from C:\WINDOWS\WinSxS\amd64_microsoft.windows.common-controls_6595b64144ccf1df_6.0.17134.1130_none_d3ff42617c90becf\COMCTL32.dll
[0414/104421.949:ERROR:process_memory_win.cc(73)] ReadMemory at 0x7fff11eb0000 of 64 bytes failed: 仅完成部分的 ReadProcessMemory 或 WriteProcessMemory 请求。 (0x12B)
[0414/104421.949:WARNING:pe_image_reader.cc(340)] could not read dos header from C:\WINDOWS\SYSTEM32\WINHTTP.dll
[0414/104421.949:ERROR:process_memory_win.cc(73)] ReadMemory at 0x7fff15130000 of 64 bytes failed: 仅完成部分的 ReadProcessMemory 或 WriteProcessMemory 请求。 (0x12B)
[0414/104421.949:WARNING:pe_image_reader.cc(340)] could not read dos header from C:\WINDOWS\SYSTEM32\urlmon.dll
[0414/104421.949:ERROR:process_memory_win.cc(73)] ReadMemory at 0x7fff0acb0000 of 64 bytes failed: 仅完成部分的 ReadProcessMemory 或 WriteProcessMemory 请求。 (0x12B)
[0414/104421.949:WARNING:pe_image_reader.cc(340)] could not read dos header from C:\WINDOWS\SYSTEM32\Secur32.dll
[0414/104421.949:ERROR:process_memory_win.cc(73)] ReadMemory at 0x7fff189d0000 of 64 bytes failed: 仅完成部分的 ReadProcessMemory 或 WriteProcessMemory 请求。 (0x12B)
[0414/104421.949:WARNING:pe_image_reader.cc(340)] could not read dos header from C:\WINDOWS\SYSTEM32\dhcpcsvc.DLL
[0414/104421.949:ERROR:process_memory_win.cc(73)] ReadMemory at 0x7fff21340000 of 64 bytes failed: 仅完成部分的 ReadProcessMemory 或 WriteProcessMemory 请求。 (0x12B)
[0414/104421.949:WARNING:pe_image_reader.cc(340)] could not read dos header from C:\WINDOWS\System32\NSI.dll
[0414/104421.949:ERROR:process_memory_win.cc(73)] ReadMemory at 0x7fff1a6d0000 of 64 bytes failed: 仅完成部分的 ReadProcessMemory 或 WriteProcessMemory 请求。 (0x12B)
[0414/104421.949:WARNING:pe_image_reader.cc(340)] could not read dos header from C:\WINDOWS\SYSTEM32\PROPSYS.dll
[0414/104421.949:ERROR:process_memory_win.cc(73)] ReadMemory at 0x7fff1d780000 of 64 bytes failed: 仅完成部分的 ReadProcessMemory 或 WriteProcessMemory 请求。 (0x12B)
[0414/104421.949:WARNING:pe_image_reader.cc(340)] could not read dos header from C:\WINDOWS\SYSTEM32\bcrypt.dll
[0414/104421.949:ERROR:process_memory_win.cc(73)] ReadMemory at 0x7fff15300000 of 64 bytes failed: 仅完成部分的 ReadProcessMemory 或 WriteProcessMemory 请求。 (0x12B)
[0414/104421.949:WARNING:pe_image_reader.cc(340)] could not read dos header from C:\WINDOWS\SYSTEM32\iertutil.dll
[0414/104421.950:ERROR:process_memory_win.cc(73)] ReadMemory at 0x7fff1db50000 of 64 bytes failed: 仅完成部分的 ReadProcessMemory 或 WriteProcessMemory 请求。 (0x12B)
[0414/104421.950:WARNING:pe_image_reader.cc(340)] could not read dos header from C:\WINDOWS\SYSTEM32\SSPICLI.DLL
[0414/104421.950:ERROR:process_memory_win.cc(73)] ReadMemory at 0x7fff20700000 of 64 bytes failed: 仅完成部分的 ReadProcessMemory 或 WriteProcessMemory 请求。 (0x12B)
[0414/104421.950:WARNING:pe_image_reader.cc(340)] could not read dos header from C:\WINDOWS\System32\SETUPAPI.dll
[0414/104421.950:ERROR:process_memory_win.cc(73)] ReadMemory at 0x7fff1da30000 of 64 bytes failed: 仅完成部分的 ReadProcessMemory 或 WriteProcessMemory 请求。 (0x12B)
[0414/104421.950:WARNING:pe_image_reader.cc(340)] could not read dos header from C:\WINDOWS\SYSTEM32\DEVOBJ.dll
[0414/104421.950:ERROR:process_memory_win.cc(73)] ReadMemory at 0x7ffefbf00000 of 64 bytes failed: 仅完成部分的 ReadProcessMemory 或 WriteProcessMemory 请求。 (0x12B)
[0414/104421.950:WARNING:pe_image_reader.cc(340)] could not read dos header from C:\WINDOWS\SYSTEM32\mf.dll
[0414/104421.950:ERROR:process_memory_win.cc(73)] ReadMemory at 0x7fff156d0000 of 64 bytes failed: 仅完成部分的 ReadProcessMemory 或 WriteProcessMemory 请求。 (0x12B)
[0414/104421.950:WARNING:pe_image_reader.cc(340)] could not read dos header from C:\WINDOWS\SYSTEM32\mfplat.dll
[0414/104421.950:ERROR:process_memory_win.cc(73)] ReadMemory at 0x7fff19160000 of 64 bytes failed: 仅完成部分的 ReadProcessMemory 或 WriteProcessMemory 请求。 (0x12B)
[0414/104421.950:WARNING:pe_image_reader.cc(340)] could not read dos header from C:\WINDOWS\SYSTEM32\RTWorkQ.DLL
[0414/104421.950:ERROR:process_memory_win.cc(73)] ReadMemory at 0x7ffef28b0000 of 64 bytes failed: 仅完成部分的 ReadProcessMemory 或 WriteProcessMemory 请求。 (0x12B)
[0414/104421.950:WARNING:pe_image_reader.cc(340)] could not read dos header from C:\WINDOWS\SYSTEM32\msmpeg2vdec.dll
[0414/104421.950:ERROR:process_memory_win.cc(73)] ReadMemory at 0x7ffefcbd0000 of 64 bytes failed: 仅完成部分的 ReadProcessMemory 或 WriteProcessMemory 请求。 (0x12B)
[0414/104421.950:WARNING:pe_image_reader.cc(340)] could not read dos header from C:\WINDOWS\SYSTEM32\mfperfhelper.dll
[0414/104421.950:ERROR:process_memory_win.cc(73)] ReadMemory at 0x7fff1d660000 of 64 bytes failed: 仅完成部分的 ReadProcessMemory 或 WriteProcessMemory 请求。 (0x12B)
[0414/104421.950:WARNING:pe_image_reader.cc(340)] could not read dos header from C:\WINDOWS\SYSTEM32\cryptsp.dll
[0414/104421.950:ERROR:process_memory_win.cc(73)] ReadMemory at 0x7fff06b30000 of 64 bytes failed: 仅完成部分的 ReadProcessMemory 或 WriteProcessMemory 请求。 (0x12B)
[0414/104421.950:WARNING:pe_image_reader.cc(340)] could not read dos header from C:\WINDOWS\SYSTEM32\dxva2.dll
[0414/104421.950:ERROR:process_memory_win.cc(73)] ReadMemory at 0x7ffefaf40000 of 64 bytes failed: 仅完成部分的 ReadProcessMemory 或 WriteProcessMemory 请求。 (0x12B)
[0414/104421.950:WARNING:pe_image_reader.cc(340)] could not read dos header from C:\WINDOWS\SYSTEM32\msvproc.dll
[0414/104421.950:ERROR:process_memory_win.cc(73)] ReadMemory at 0x7fff14590000 of 64 bytes failed: 仅完成部分的 ReadProcessMemory 或 WriteProcessMemory 请求。 (0x12B)
[0414/104421.950:WARNING:pe_image_reader.cc(340)] could not read dos header from C:\WINDOWS\SYSTEM32\CompPkgSup.DLL
[0414/104421.950:ERROR:process_memory_win.cc(73)] ReadMemory at 0x7fff173f0000 of 64 bytes failed: 仅完成部分的 ReadProcessMemory 或 WriteProcessMemory 请求。 (0x12B)
[0414/104421.950:WARNING:pe_image_reader.cc(340)] could not read dos header from C:\WINDOWS\SYSTEM32\D3DCompiler_47.dll
[0414/104421.950:ERROR:process_memory_win.cc(73)] ReadMemory at 0x7ffee7e60000 of 64 bytes failed: 仅完成部分的 ReadProcessMemory 或 WriteProcessMemory 请求。 (0x12B)
[0414/104421.950:WARNING:pe_image_reader.cc(340)] could not read dos header from C:\Program Files (x86)\Google\Chrome\Application\73.0.3683.103\libglesv2.dll
[0414/104421.951:ERROR:process_memory_win.cc(73)] ReadMemory at 0x7ffef1f70000 of 64 bytes failed: 仅完成部分的 ReadProcessMemory 或 WriteProcessMemory 请求。 (0x12B)
[0414/104421.951:WARNING:pe_image_reader.cc(340)] could not read dos header from C:\WINDOWS\SYSTEM32\d3d9.dll
[0414/104421.951:ERROR:process_memory_win.cc(73)] ReadMemory at 0x7fff1c410000 of 64 bytes failed: 仅完成部分的 ReadProcessMemory 或 WriteProcessMemory 请求。 (0x12B)
[0414/104421.951:WARNING:pe_image_reader.cc(340)] could not read dos header from C:\WINDOWS\SYSTEM32\dwmapi.dll
[0414/104421.951:ERROR:process_memory_win.cc(73)] ReadMemory at 0x7fff15d40000 of 64 bytes failed: 仅完成部分的 ReadProcessMemory 或 WriteProcessMemory 请求。 (0x12B)
[0414/104421.951:WARNING:pe_image_reader.cc(340)] could not read dos header from C:\Program Files (x86)\Google\Chrome\Application\73.0.3683.103\libegl.dll
[0414/104421.951:ERROR:process_memory_win.cc(73)] ReadMemory at 0x7fff1aa20000 of 64 bytes failed: 仅完成部分的 ReadProcessMemory 或 WriteProcessMemory 请求。 (0x12B)
[0414/104421.951:WARNING:pe_image_reader.cc(340)] could not read dos header from C:\WINDOWS\SYSTEM32\d3d11.dll
[0414/104421.951:ERROR:process_memory_win.cc(73)] ReadMemory at 0x7fff1b060000 of 64 bytes failed: 仅完成部分的 ReadProcessMemory 或 WriteProcessMemory 请求。 (0x12B)
[0414/104421.951:WARNING:pe_image_reader.cc(340)] could not read dos header from C:\WINDOWS\SYSTEM32\dcomp.dll
[0414/104421.951:ERROR:process_memory_win.cc(73)] ReadMemory at 0x7fff05280000 of 64 bytes failed: 仅完成部分的 ReadProcessMemory 或 WriteProcessMemory 请求。 (0x12B)
[0414/104421.951:WARNING:pe_image_reader.cc(340)] could not read dos header from C:\WINDOWS\SYSTEM32\igd10iumd64.dll
[0414/104421.951:ERROR:process_memory_win.cc(73)] ReadMemory at 0x7fff1d750000 of 64 bytes failed: 仅完成部分的 ReadProcessMemory 或 WriteProcessMemory 请求。 (0x12B)
[0414/104421.951:WARNING:pe_image_reader.cc(340)] could not read dos header from C:\WINDOWS\SYSTEM32\ncrypt.dll
[0414/104421.951:ERROR:process_memory_win.cc(73)] ReadMemory at 0x7fff1d710000 of 64 bytes failed: 仅完成部分的 ReadProcessMemory 或 WriteProcessMemory 请求。 (0x12B)
[0414/104421.951:WARNING:pe_image_reader.cc(340)] could not read dos header from C:\WINDOWS\SYSTEM32\NTASN1.dll
[0414/104421.951:ERROR:process_memory_win.cc(73)] ReadMemory at 0x7fff169b0000 of 64 bytes failed: 仅完成部分的 ReadProcessMemory 或 WriteProcessMemory 请求。 (0x12B)
[0414/104421.951:WARNING:pe_image_reader.cc(340)] could not read dos header from C:\WINDOWS\SYSTEM32\igdusc64.dll
[0414/104421.951:ERROR:process_memory_win.cc(73)] ReadMemory at 0x7fff20d60000 of 64 bytes failed: 仅完成部分的 ReadProcessMemory 或 WriteProcessMemory 请求。 (0x12B)
[0414/104421.951:WARNING:pe_image_reader.cc(340)] could not read dos header from C:\WINDOWS\System32\clbcatq.dll
[0414/104421.951:ERROR:process_memory_win.cc(73)] ReadMemory at 0x7fff19e80000 of 64 bytes failed: 仅完成部分的 ReadProcessMemory 或 WriteProcessMemory 请求。 (0x12B)
[0414/104421.951:WARNING:pe_image_reader.cc(340)] could not read dos header from C:\Windows\System32\WinTypes.dll
[0414/104421.951:ERROR:process_memory_win.cc(73)] ReadMemory at 0x7fff15b90000 of 64 bytes failed: 仅完成部分的 ReadProcessMemory 或 WriteProcessMemory 请求。 (0x12B)
[0414/104421.951:WARNING:pe_image_reader.cc(340)] could not read dos header from C:\WINDOWS\SYSTEM32\rometadata.dll
[0414/104421.951:ERROR:process_memory_win.cc(73)] ReadMemory at 0x7ffee87e0000 of 64 bytes failed: 仅完成部分的 ReadProcessMemory 或 WriteProcessMemory 请求。 (0x12B)
[0414/104421.951:WARNING:pe_image_reader.cc(340)] could not read dos header from C:\WINDOWS\SYSTEM32\igd11dxva64.dll
[0414/104421.951:ERROR:process_memory_win.cc(73)] ReadMemory at 0x7fff1c2c0000 of 64 bytes failed: 仅完成部分的 ReadProcessMemory 或 WriteProcessMemory 请求。 (0x12B)
[0414/104421.951:WARNING:pe_image_reader.cc(340)] could not read dos header from C:\WINDOWS\system32\uxtheme.dll
[0414/104421.951:ERROR:process_memory_win.cc(73)] ReadMemory at 0x7fff062b0000 of 64 bytes failed: 仅完成部分的 ReadProcessMemory 或 WriteProcessMemory 请求。 (0x12B)
[0414/104421.951:WARNING:pe_image_reader.cc(340)] could not read dos header from C:\Windows\System32\mfh264enc.dll
[0414/104421.951:ERROR:process_memory_win.cc(73)] ReadMemory at 0x7fff20bc0000 of 64 bytes failed: 仅完成部分的 ReadProcessMemory 或 WriteProcessMemory 请求。 (0x12B)
[0414/104421.952:WARNING:pe_image_reader.cc(340)] could not read dos header from C:\WINDOWS\System32\MSCTF.dll
[0414/104422.027:ERROR:process_memory_win.cc(73)] ReadMemory at 0x37fb9ee000 of 73728 bytes failed: 仅完成部分的 ReadProcessMemory 或 WriteProcessMemory 请求。 (0x12B)
[0414/104422.485:ERROR:process_memory_win.cc(73)] ReadMemory at 0x37fbdfe000 of 8192 bytes failed: 仅完成部分的 ReadProcessMemory 或 WriteProcessMemory 请求。 (0x12B)
[0414/104422.485:ERROR:process_memory_win.cc(73)] ReadMemory at 0x37fbffe000 of 8192 bytes failed: 仅完成部分的 ReadProcessMemory 或 WriteProcessMemory 请求。 (0x12B)
[0414/104422.486:ERROR:process_memory_win.cc(73)] ReadMemory at 0x37fc1fe000 of 8192 bytes failed: 仅完成部分的 ReadProcessMemory 或 WriteProcessMemory 请求。 (0x12B)
[0414/104422.486:ERROR:process_memory_win.cc(73)] ReadMemory at 0x37fc3fe000 of 8192 bytes failed: 仅完成部分的 ReadProcessMemory 或 WriteProcessMemory 请求。 (0x12B)
[0414/104422.486:ERROR:process_memory_win.cc(73)] ReadMemory at 0x37fc5fe000 of 8192 bytes failed: 仅完成部分的 ReadProcessMemory 或 WriteProcessMemory 请求。 (0x12B)
[0414/104422.486:ERROR:process_memory_win.cc(73)] ReadMemory at 0x37fc7fe000 of 8192 bytes failed: 仅完成部分的 ReadProcessMemory 或 WriteProcessMemory 请求。 (0x12B)
[0414/104422.486:ERROR:process_memory_win.cc(73)] ReadMemory at 0x37fc9fd000 of 12288 bytes failed: 仅完成部分的 ReadProcessMemory 或 WriteProcessMemory 请求。 (0x12B)
[0414/104422.486:ERROR:process_memory_win.cc(73)] ReadMemory at 0x37fcbfe000 of 8192 bytes failed: 仅完成部分的 ReadProcessMemory 或 WriteProcessMemory 请求。 (0x12B)
[0414/104422.486:ERROR:process_memory_win.cc(73)] ReadMemory at 0x37fcdf7000 of 36864 bytes failed: 仅完成部分的 ReadProcessMemory 或 WriteProcessMemory 请求。 (0x12B)
[0414/104422.486:ERROR:process_memory_win.cc(73)] ReadMemory at 0x37fcffb000 of 20480 bytes failed: 仅完成部分的 ReadProcessMemory 或 WriteProcessMemory 请求。 (0x12B)
[0414/104422.487:ERROR:process_memory_win.cc(73)] ReadMemory at 0x37fddf6000 of 40960 bytes failed: 仅完成部分的 ReadProcessMemory 或 WriteProcessMemory 请求。 (0x12B)
[0414/104422.487:ERROR:process_memory_win.cc(73)] ReadMemory at 0x37fdbf6000 of 40960 bytes failed: 仅完成部分的 ReadProcessMemory 或 WriteProcessMemory 请求。 (0x12B)
[0414/104422.487:ERROR:process_memory_win.cc(73)] ReadMemory at 0x37fbbfe000 of 8192 bytes failed: 仅完成部分的 ReadProcessMemory 或 WriteProcessMemory 请求。 (0x12B)
[0414/104422.487:ERROR:process_memory_win.cc(73)] ReadMemory at 0x37fd1fe000 of 8192 bytes failed: 仅完成部分的 ReadProcessMemory 或 WriteProcessMemory 请求。 (0x12B)
[0414/104422.487:ERROR:process_memory_win.cc(73)] ReadMemory at 0x37fb64a000 of 6024 bytes failed: 仅完成部分的 ReadProcessMemory 或 WriteProcessMemory 请求。 (0x12B)
[0414/104422.487:ERROR:process_memory_win.cc(73)] ReadMemory at 0x37fb68e000 of 6024 bytes failed: 仅完成部分的 ReadProcessMemory 或 WriteProcessMemory 请求。 (0x12B)
[0414/104422.487:ERROR:process_memory_win.cc(73)] ReadMemory at 0x37fb692000 of 6024 bytes failed: 仅完成部分的 ReadProcessMemory 或 WriteProcessMemory 请求。 (0x12B)
[0414/104422.487:ERROR:process_memory_win.cc(73)] ReadMemory at 0x37fb6b3000 of 852 bytes failed: 仅完成部分的 ReadProcessMemory 或 WriteProcessMemory 请求。 (0x12B)
[0414/104422.487:ERROR:process_memory_win.cc(73)] ReadMemory at 0x37fb6b4000 of 6024 bytes failed: 仅完成部分的 ReadProcessMemory 或 WriteProcessMemory 请求。 (0x12B)
[0414/104422.487:ERROR:process_memory_win.cc(73)] ReadMemory at 0x37fb6b8000 of 6024 bytes failed: 仅完成部分的 ReadProcessMemory 或 WriteProcessMemory 请求。 (0x12B)
[0414/104422.488:ERROR:process_memory_win.cc(73)] ReadMemory at 0x37fb6ba000 of 6024 bytes failed: 仅完成部分的 ReadProcessMemory 或 WriteProcessMemory 请求。 (0x12B)
[0414/104422.488:ERROR:process_memory_win.cc(73)] ReadMemory at 0x37fb6bc000 of 6024 bytes failed: 仅完成部分的 ReadProcessMemory 或 WriteProcessMemory 请求。 (0x12B)
[0414/104422.488:ERROR:process_memory_win.cc(73)] ReadMemory at 0x37fb6be000 of 6024 bytes failed: 仅完成部分的 ReadProcessMemory 或 WriteProcessMemory 请求。 (0x12B)
[0414/104422.488:ERROR:process_memory_win.cc(73)] ReadMemory at 0x37fb6c0000 of 6024 bytes failed: 仅完成部分的 ReadProcessMemory 或 WriteProcessMemory 请求。 (0x12B)
[0414/104422.488:ERROR:process_memory_win.cc(73)] ReadMemory at 0x37fb6c2000 of 6024 bytes failed: 仅完成部分的 ReadProcessMemory 或 WriteProcessMemory 请求。 (0x12B)
[0414/104422.488:ERROR:process_memory_win.cc(73)] ReadMemory at 0x37fb6c4000 of 6024 bytes failed: 仅完成部分的 ReadProcessMemory 或 WriteProcessMemory 请求。 (0x12B)
[0414/104422.488:ERROR:process_memory_win.cc(73)] ReadMemory at 0x37fb6c6000 of 6024 bytes failed: 仅完成部分的 ReadProcessMemory 或 WriteProcessMemory 请求。 (0x12B)
[0414/104422.488:ERROR:process_memory_win.cc(73)] ReadMemory at 0x37fb6c8000 of 6024 bytes failed: 仅完成部分的 ReadProcessMemory 或 WriteProcessMemory 请求。 (0x12B)
[0414/104422.488:ERROR:process_memory_win.cc(73)] ReadMemory at 0x37fb6e4000 of 6024 bytes failed: 仅完成部分的 ReadProcessMemory 或 WriteProcessMemory 请求。 (0x12B)
[0414/104422.488:ERROR:process_memory_win.cc(73)] ReadMemory at 0x37fb6ee000 of 6024 bytes failed: 仅完成部分的 ReadProcessMemory 或 WriteProcessMemory 请求。 (0x12B)
[0414/104422.488:ERROR:process_memory_win.cc(73)] ReadMemory at 0x16e00de6350 of 512 bytes failed: 仅完成部分的 ReadProcessMemory 或 WriteProcessMemory 请求。 (0x12B)
[0414/104422.488:ERROR:process_memory_win.cc(73)] ReadMemory at 0x16e00f32870 of 744 bytes failed: 仅完成部分的 ReadProcessMemory 或 WriteProcessMemory 请求。 (0x12B)
[0414/104422.488:ERROR:process_memory_win.cc(73)] ReadMemory at 0x16e01011560 of 512 bytes failed: 仅完成部分的 ReadProcessMemory 或 WriteProcessMemory 请求。 (0x12B)
[0414/104422.488:ERROR:process_memory_win.cc(73)] ReadMemory at 0x16e01013190 of 512 bytes failed: 仅完成部分的 ReadProcessMemory 或 WriteProcessMemory 请求。 (0x12B)
[0414/104422.488:ERROR:process_memory_win.cc(73)] ReadMemory at 0x16e0110bdc0 of 512 bytes failed: 仅完成部分的 ReadProcessMemory 或 WriteProcessMemory 请求。 (0x12B)
[0414/104422.488:ERROR:process_memory_win.cc(73)] ReadMemory at 0x16e01207ee0 of 512 bytes failed: 仅完成部分的 ReadProcessMemory 或 WriteProcessMemory 请求。 (0x12B)
[0414/104422.488:ERROR:process_memory_win.cc(73)] ReadMemory at 0x16e01a5af10 of 512 bytes failed: 仅完成部分的 ReadProcessMemory 或 WriteProcessMemory 请求。 (0x12B)
[0414/104422.489:ERROR:process_memory_win.cc(73)] ReadMemory at 0x16e04f5c160 of 512 bytes failed: 仅完成部分的 ReadProcessMemory 或 WriteProcessMemory 请求。 (0x12B)
[0414/104422.489:ERROR:process_memory_win.cc(73)] ReadMemory at 0x16e0514dea0 of 512 bytes failed: 仅完成部分的 ReadProcessMemory 或 WriteProcessMemory 请求。 (0x12B)
[0414/104422.489:ERROR:process_memory_win.cc(73)] ReadMemory at 0x16e0c8a4ce0 of 512 bytes failed: 仅完成部分的 ReadProcessMemory 或 WriteProcessMemory 请求。 (0x12B)
[0414/104422.489:ERROR:process_memory_win.cc(73)] ReadMemory at 0x16e0cad69e0 of 512 bytes failed: 仅完成部分的 ReadProcessMemory 或 WriteProcessMemory 请求。 (0x12B)
[0414/104422.489:ERROR:process_memory_win.cc(73)] ReadMemory at 0x16e0ce33b10 of 512 bytes failed: 仅完成部分的 ReadProcessMemory 或 WriteProcessMemory 请求。 (0x12B)
[0414/104422.489:ERROR:process_memory_win.cc(73)] ReadMemory at 0x16e0ce350d0 of 512 bytes failed: 仅完成部分的 ReadProcessMemory 或 WriteProcessMemory 请求。 (0x12B)
[0414/104422.489:ERROR:process_memory_win.cc(73)] ReadMemory at 0x16e0df209d0 of 512 bytes failed: 仅完成部分的 ReadProcessMemory 或 WriteProcessMemory 请求。 (0x12B)
[0414/104422.489:ERROR:process_memory_win.cc(73)] ReadMemory at 0x16e6e230ab0 of 512 bytes failed: 仅完成部分的 ReadProcessMemory 或 WriteProcessMemory 请求。 (0x12B)
[0414/104422.489:ERROR:process_memory_win.cc(73)] ReadMemory at 0x16e6e230fc0 of 19974 bytes failed: 仅完成部分的 ReadProcessMemory 或 WriteProcessMemory 请求。 (0x12B)
[0414/104422.489:ERROR:process_memory_win.cc(73)] ReadMemory at 0x16e6e235dd0 of 1012 bytes failed: 仅完成部分的 ReadProcessMemory 或 WriteProcessMemory 请求。 (0x12B)
[0414/104422.489:ERROR:process_memory_win.cc(73)] ReadMemory at 0x16e6e2363e8 of 118 bytes failed: 仅完成部分的 ReadProcessMemory 或 WriteProcessMemory 请求。 (0x12B)
[0414/104422.489:ERROR:process_memory_win.cc(73)] ReadMemory at 0x16e6e236460 of 992 bytes failed: 仅完成部分的 ReadProcessMemory 或 WriteProcessMemory 请求。 (0x12B)
[0414/104422.489:ERROR:process_memory_win.cc(73)] ReadMemory at 0x16e6e236842 of 118 bytes failed: 仅完成部分的 ReadProcessMemory 或 WriteProcessMemory 请求。 (0x12B)
[0414/104422.489:ERROR:process_memory_win.cc(73)] ReadMemory at 0x16e6e2368ba of 30 bytes failed: 仅完成部分的 ReadProcessMemory 或 WriteProcessMemory 请求。 (0x12B)
[0414/104422.489:ERROR:process_memory_win.cc(73)] ReadMemory at 0x16e6e2368f0 of 58 bytes failed: 仅完成部分的 ReadProcessMemory 或 WriteProcessMemory 请求。 (0x12B)
[0414/104422.489:ERROR:process_memory_win.cc(73)] ReadMemory at 0x16e6e2369f0 of 132 bytes failed: 仅完成部分的 ReadProcessMemory 或 WriteProcessMemory 请求。 (0x12B)
[0414/104422.489:ERROR:process_memory_win.cc(73)] ReadMemory at 0x16e6e236b80 of 132 bytes failed: 仅完成部分的 ReadProcessMemory 或 WriteProcessMemory 请求。 (0x12B)
[0414/104422.489:ERROR:process_memory_win.cc(73)] ReadMemory at 0x16e6e236e80 of 152 bytes failed: 仅完成部分的 ReadProcessMemory 或 WriteProcessMemory 请求。 (0x12B)
[0414/104422.489:ERROR:process_memory_win.cc(73)] ReadMemory at 0x16e6e237120 of 132 bytes failed: 仅完成部分的 ReadProcessMemory 或 WriteProcessMemory 请求。 (0x12B)
[0414/104422.489:ERROR:process_memory_win.cc(73)] ReadMemory at 0x16e6e2372b0 of 64 bytes failed: 仅完成部分的 ReadProcessMemory 或 WriteProcessMemory 请求。 (0x12B)
[0414/104422.489:ERROR:process_memory_win.cc(73)] ReadMemory at 0x16e6e237410 of 132 bytes failed: 仅完成部分的 ReadProcessMemory 或 WriteProcessMemory 请求。 (0x12B)
[0414/104422.490:ERROR:process_memory_win.cc(73)] ReadMemory at 0x16e6e237610 of 62 bytes failed: 仅完成部分的 ReadProcessMemory 或 WriteProcessMemory 请求。 (0x12B)
[0414/104422.490:ERROR:process_memory_win.cc(73)] ReadMemory at 0x16e6e237700 of 132 bytes failed: 仅完成部分的 ReadProcessMemory 或 WriteProcessMemory 请求。 (0x12B)
[0414/104422.490:ERROR:process_memory_win.cc(73)] ReadMemory at 0x16e6e237890 of 68 bytes failed: 仅完成部分的 ReadProcessMemory 或 WriteProcessMemory 请求。 (0x12B)
[0414/104422.490:ERROR:process_memory_win.cc(73)] ReadMemory at 0x16e6e23dc80 of 132 bytes failed: 仅完成部分的 ReadProcessMemory 或 WriteProcessMemory 请求。 (0x12B)
[0414/104422.490:ERROR:process_memory_win.cc(73)] ReadMemory at 0x16e6e23dec0 of 132 bytes failed: 仅完成部分的 ReadProcessMemory 或 WriteProcessMemory 请求。 (0x12B)
[0414/104422.490:ERROR:process_memory_win.cc(73)] ReadMemory at 0x16e6e23e050 of 62 bytes failed: 仅完成部分的 ReadProcessMemory 或 WriteProcessMemory 请求。 (0x12B)
[0414/104422.490:ERROR:process_memory_win.cc(73)] ReadMemory at 0x16e6e23f7d0 of 132 bytes failed: 仅完成部分的 ReadProcessMemory 或 WriteProcessMemory 请求。 (0x12B)
[0414/104422.490:ERROR:process_memory_win.cc(73)] ReadMemory at 0x16e6e23f960 of 60 bytes failed: 仅完成部分的 ReadProcessMemory 或 WriteProcessMemory 请求。 (0x12B)
[0414/104422.490:ERROR:process_memory_win.cc(73)] ReadMemory at 0x16e6e23fbb0 of 132 bytes failed: 仅完成部分的 ReadProcessMemory 或 WriteProcessMemory 请求。 (0x12B)
[0414/104422.490:ERROR:process_memory_win.cc(73)] ReadMemory at 0x16e6e23fd40 of 64 bytes failed: 仅完成部分的 ReadProcessMemory 或 WriteProcessMemory 请求。 (0x12B)
[0414/104422.490:ERROR:process_memory_win.cc(73)] ReadMemory at 0x16e6e23ffc0 of 132 bytes failed: 仅完成部分的 ReadProcessMemory 或 WriteProcessMemory 请求。 (0x12B)
[0414/104422.490:ERROR:process_memory_win.cc(73)] ReadMemory at 0x16e6e240150 of 64 bytes failed: 仅完成部分的 ReadProcessMemory 或 WriteProcessMemory 请求。 (0x12B)
[0414/104422.490:ERROR:process_memory_win.cc(73)] ReadMemory at 0x16e6e2403b0 of 132 bytes failed: 仅完成部分的 ReadProcessMemory 或 WriteProcessMemory 请求。 (0x12B)
[0414/104422.490:ERROR:process_memory_win.cc(73)] ReadMemory at 0x16e6e240540 of 60 bytes failed: 仅完成部分的 ReadProcessMemory 或 WriteProcessMemory 请求。 (0x12B)
[0414/104422.490:ERROR:process_memory_win.cc(73)] ReadMemory at 0x16e6e240860 of 132 bytes failed: 仅完成部分的 ReadProcessMemory 或 WriteProcessMemory 请求。 (0x12B)
[0414/104422.490:ERROR:process_memory_win.cc(73)] ReadMemory at 0x16e6e2409f0 of 60 bytes failed: 仅完成部分的 ReadProcessMemory 或 WriteProcessMemory 请求。 (0x12B)
[0414/104422.490:ERROR:process_memory_win.cc(73)] ReadMemory at 0x16e6e240c30 of 132 bytes failed: 仅完成部分的 ReadProcessMemory 或 WriteProcessMemory 请求。 (0x12B)
[0414/104422.490:ERROR:process_memory_win.cc(73)] ReadMemory at 0x16e6e240dc0 of 62 bytes failed: 仅完成部分的 ReadProcessMemory 或 WriteProcessMemory 请求。 (0x12B)
[0414/104422.490:ERROR:process_memory_win.cc(73)] ReadMemory at 0x16e6e241910 of 132 bytes failed: 仅完成部分的 ReadProcessMemory 或 WriteProcessMemory 请求。 (0x12B)
[0414/104422.490:ERROR:process_memory_win.cc(73)] ReadMemory at 0x16e6e241aa0 of 80 bytes failed: 仅完成部分的 ReadProcessMemory 或 WriteProcessMemory 请求。 (0x12B)
[0414/104422.490:ERROR:process_memory_win.cc(73)] ReadMemory at 0x16e6e241b00 of 146 bytes failed: 仅完成部分的 ReadProcessMemory 或 WriteProcessMemory 请求。 (0x12B)
[0414/104422.491:ERROR:process_memory_win.cc(73)] ReadMemory at 0x16e6e241c90 of 132 bytes failed: 仅完成部分的 ReadProcessMemory 或 WriteProcessMemory 请求。 (0x12B)
[0414/104422.491:ERROR:process_memory_win.cc(73)] ReadMemory at 0x16e6e241f30 of 78 bytes failed: 仅完成部分的 ReadProcessMemory 或 WriteProcessMemory 请求。 (0x12B)
[0414/104422.491:ERROR:process_memory_win.cc(73)] ReadMemory at 0x16e6e241f90 of 76 bytes failed: 仅完成部分的 ReadProcessMemory 或 WriteProcessMemory 请求。 (0x12B)
[0414/104422.491:ERROR:process_memory_win.cc(73)] ReadMemory at 0x16e6e242980 of 132 bytes failed: 仅完成部分的 ReadProcessMemory 或 WriteProcessMemory 请求。 (0x12B)
[0414/104422.491:ERROR:process_memory_win.cc(73)] ReadMemory at 0x16e6e242b00 of 62 bytes failed: 仅完成部分的 ReadProcessMemory 或 WriteProcessMemory 请求。 (0x12B)
[0414/104422.491:ERROR:process_memory_win.cc(73)] ReadMemory at 0x16e6e242b50 of 66 bytes failed: 仅完成部分的 ReadProcessMemory 或 WriteProcessMemory 请求。 (0x12B)
[0414/104422.491:ERROR:process_memory_win.cc(73)] ReadMemory at 0x16e6e242ba0 of 58 bytes failed: 仅完成部分的 ReadProcessMemory 或 WriteProcessMemory 请求。 (0x12B)
[0414/104422.491:ERROR:process_memory_win.cc(73)] ReadMemory at 0x16e6e242bf0 of 60 bytes failed: 仅完成部分的 ReadProcessMemory 或 WriteProcessMemory 请求。 (0x12B)
[0414/104422.491:ERROR:process_memory_win.cc(73)] ReadMemory at 0x16e6e242c40 of 64 bytes failed: 仅完成部分的 ReadProcessMemory 或 WriteProcessMemory 请求。 (0x12B)
[0414/104422.491:ERROR:process_memory_win.cc(73)] ReadMemory at 0x16e6e242c90 of 62 bytes failed: 仅完成部分的 ReadProcessMemory 或 WriteProcessMemory 请求。 (0x12B)
[0414/104422.491:ERROR:process_memory_win.cc(73)] ReadMemory at 0x16e6e242ce0 of 64 bytes failed: 仅完成部分的 ReadProcessMemory 或 WriteProcessMemory 请求。 (0x12B)
[0414/104422.491:ERROR:process_memory_win.cc(73)] ReadMemory at 0x16e6e242d80 of 58 bytes failed: 仅完成部分的 ReadProcessMemory 或 WriteProcessMemory 请求。 (0x12B)
[0414/104422.491:ERROR:process_memory_win.cc(73)] ReadMemory at 0x16e6e242dd0 of 62 bytes failed: 仅完成部分的 ReadProcessMemory 或 WriteProcessMemory 请求。 (0x12B)
[0414/104422.491:ERROR:process_memory_win.cc(73)] ReadMemory at 0x16e6e242f10 of 66 bytes failed: 仅完成部分的 ReadProcessMemory 或 WriteProcessMemory 请求。 (0x12B)
[0414/104422.491:ERROR:process_memory_win.cc(73)] ReadMemory at 0x16e6e242f60 of 60 bytes failed: 仅完成部分的 ReadProcessMemory 或 WriteProcessMemory 请求。 (0x12B)
[0414/104422.491:ERROR:process_memory_win.cc(73)] ReadMemory at 0x16e6e243000 of 60 bytes failed: 仅完成部分的 ReadProcessMemory 或 WriteProcessMemory 请求。 (0x12B)
[0414/104422.491:ERROR:process_memory_win.cc(73)] ReadMemory at 0x16e6e243190 of 62 bytes failed: 仅完成部分的 ReadProcessMemory 或 WriteProcessMemory 请求。 (0x12B)
[0414/104422.491:ERROR:process_memory_win.cc(73)] ReadMemory at 0x16e6e2431e0 of 66 bytes failed: 仅完成部分的 ReadProcessMemory 或 WriteProcessMemory 请求。 (0x12B)
[0414/104422.491:ERROR:process_memory_win.cc(73)] ReadMemory at 0x16e6e243230 of 62 bytes failed: 仅完成部分的 ReadProcessMemory 或 WriteProcessMemory 请求。 (0x12B)
[0414/104422.491:ERROR:process_memory_win.cc(73)] ReadMemory at 0x16e6e2443e0 of 132 bytes failed: 仅完成部分的 ReadProcessMemory 或 WriteProcessMemory 请求。 (0x12B)
[0414/104422.491:ERROR:process_memory_win.cc(73)] ReadMemory at 0x16e6e244510 of 158 bytes failed: 仅完成部分的 ReadProcessMemory 或 WriteProcessMemory 请求。 (0x12B)
[0414/104422.491:ERROR:process_memory_win.cc(73)] ReadMemory at 0x16e6e244630 of 132 bytes failed: 仅完成部分的 ReadProcessMemory 或 WriteProcessMemory 请求。 (0x12B)
[0414/104422.492:ERROR:process_memory_win.cc(73)] ReadMemory at 0x16e6e244760 of 132 bytes failed: 仅完成部分的 ReadProcessMemory 或 WriteProcessMemory 请求。 (0x12B)
[0414/104422.492:ERROR:process_memory_win.cc(73)] ReadMemory at 0x16e6e244890 of 132 bytes failed: 仅完成部分的 ReadProcessMemory 或 WriteProcessMemory 请求。 (0x12B)
[0414/104422.492:ERROR:process_memory_win.cc(73)] ReadMemory at 0x16e6e2449c0 of 132 bytes failed: 仅完成部分的 ReadProcessMemory 或 WriteProcessMemory 请求。 (0x12B)
[0414/104422.492:ERROR:process_memory_win.cc(73)] ReadMemory at 0x16e6e244af0 of 132 bytes failed: 仅完成部分的 ReadProcessMemory 或 WriteProcessMemory 请求。 (0x12B)
[0414/104422.664:ERROR:process_memory_win.cc(73)] ReadMemory at 0x16e6e244c20 of 132 bytes failed: 仅完成部分的 ReadProcessMemory 或 WriteProcessMemory 请求。 (0x12B)
[0414/104422.664:ERROR:process_memory_win.cc(73)] ReadMemory at 0x16e6e244d50 of 132 bytes failed: 仅完成部分的 ReadProcessMemory 或 WriteProcessMemory 请求。 (0x12B)
[0414/104422.665:ERROR:process_memory_win.cc(73)] ReadMemory at 0x16e6e244e80 of 132 bytes failed: 仅完成部分的 ReadProcessMemory 或 WriteProcessMemory 请求。 (0x12B)
[0414/104422.665:ERROR:process_memory_win.cc(73)] ReadMemory at 0x16e6e244fb0 of 132 bytes failed: 仅完成部分的 ReadProcessMemory 或 WriteProcessMemory 请求。 (0x12B)
[0414/104422.665:ERROR:process_memory_win.cc(73)] ReadMemory at 0x16e6e2450e0 of 132 bytes failed: 仅完成部分的 ReadProcessMemory 或 WriteProcessMemory 请求。 (0x12B)
[0414/104422.665:ERROR:process_memory_win.cc(73)] ReadMemory at 0x16e6e245210 of 132 bytes failed: 仅完成部分的 ReadProcessMemory 或 WriteProcessMemory 请求。 (0x12B)
[0414/104422.666:ERROR:process_memory_win.cc(73)] ReadMemory at 0x16e6e245340 of 132 bytes failed: 仅完成部分的 ReadProcessMemory 或 WriteProcessMemory 请求。 (0x12B)
[0414/104422.666:ERROR:process_memory_win.cc(73)] ReadMemory at 0x16e6e245470 of 132 bytes failed: 仅完成部分的 ReadProcessMemory 或 WriteProcessMemory 请求。 (0x12B)
[0414/104422.666:ERROR:process_memory_win.cc(73)] ReadMemory at 0x16e6e246f50 of 154 bytes failed: 仅完成部分的 ReadProcessMemory 或 WriteProcessMemory 请求。 (0x12B)
[0414/104422.667:ERROR:process_memory_win.cc(73)] ReadMemory at 0x16e6e248860 of 132 bytes failed: 仅完成部分的 ReadProcessMemory 或 WriteProcessMemory 请求。 (0x12B)
[0414/104422.667:ERROR:process_memory_win.cc(73)] ReadMemory at 0x16e6e248990 of 132 bytes failed: 仅完成部分的 ReadProcessMemory 或 WriteProcessMemory 请求。 (0x12B)
[0414/104422.667:ERROR:process_memory_win.cc(73)] ReadMemory at 0x16e6e248ac0 of 132 bytes failed: 仅完成部分的 ReadProcessMemory 或 WriteProcessMemory 请求。 (0x12B)
[0414/104422.668:ERROR:process_memory_win.cc(73)] ReadMemory at 0x16e6e248bf0 of 132 bytes failed: 仅完成部分的 ReadProcessMemory 或 WriteProcessMemory 请求。 (0x12B)
[0414/104422.668:ERROR:process_memory_win.cc(73)] ReadMemory at 0x16e6e248d20 of 132 bytes failed: 仅完成部分的 ReadProcessMemory 或 WriteProcessMemory 请求。 (0x12B)
[0414/104422.669:ERROR:process_memory_win.cc(73)] ReadMemory at 0x16e6e248e50 of 132 bytes failed: 仅完成部分的 ReadProcessMemory 或 WriteProcessMemory 请求。 (0x12B)
[0414/104422.669:ERROR:process_memory_win.cc(73)] ReadMemory at 0x16e6e248f80 of 132 bytes failed: 仅完成部分的 ReadProcessMemory 或 WriteProcessMemory 请求。 (0x12B)
[0414/104422.669:ERROR:process_memory_win.cc(73)] ReadMemory at 0x16e6e2490b0 of 132 bytes failed: 仅完成部分的 ReadProcessMemory 或 WriteProcessMemory 请求。 (0x12B)
[0414/104422.670:ERROR:process_memory_win.cc(73)] ReadMemory at 0x16e6e2491e0 of 132 bytes failed: 仅完成部分的 ReadProcessMemory 或 WriteProcessMemory 请求。 (0x12B)
[0414/104422.670:ERROR:process_memory_win.cc(73)] ReadMemory at 0x16e6e249310 of 132 bytes failed: 仅完成部分的 ReadProcessMemory 或 WriteProcessMemory 请求。 (0x12B)
[0414/104422.670:ERROR:process_memory_win.cc(73)] ReadMemory at 0x16e6e249440 of 132 bytes failed: 仅完成部分的 ReadProcessMemory 或 WriteProcessMemory 请求。 (0x12B)
[0414/104422.671:ERROR:process_memory_win.cc(73)] ReadMemory at 0x16e6e249570 of 132 bytes failed: 仅完成部分的 ReadProcessMemory 或 WriteProcessMemory 请求。 (0x12B)
[0414/104422.671:ERROR:process_memory_win.cc(73)] ReadMemory at 0x16e6e2496a0 of 132 bytes failed: 仅完成部分的 ReadProcessMemory 或 WriteProcessMemory 请求。 (0x12B)
[0414/104422.671:ERROR:process_memory_win.cc(73)] ReadMemory at 0x16e6e249900 of 132 bytes failed: 仅完成部分的 ReadProcessMemory 或 WriteProcessMemory 请求。 (0x12B)
[0414/104422.672:ERROR:process_memory_win.cc(73)] ReadMemory at 0x16e6e249a30 of 132 bytes failed: 仅完成部分的 ReadProcessMemory 或 WriteProcessMemory 请求。 (0x12B)
[0414/104422.672:ERROR:process_memory_win.cc(73)] ReadMemory at 0x16e6e249b60 of 132 bytes failed: 仅完成部分的 ReadProcessMemory 或 WriteProcessMemory 请求。 (0x12B)
[0414/104422.672:ERROR:process_memory_win.cc(73)] ReadMemory at 0x16e6e249c90 of 132 bytes failed: 仅完成部分的 ReadProcessMemory 或 WriteProcessMemory 请求。 (0x12B)
[0414/104422.673:ERROR:process_memory_win.cc(73)] ReadMemory at 0x16e6e249dc0 of 132 bytes failed: 仅完成部分的 ReadProcessMemory 或 WriteProcessMemory 请求。 (0x12B)
[0414/104422.673:ERROR:process_memory_win.cc(73)] ReadMemory at 0x16e6e249ef0 of 132 bytes failed: 仅完成部分的 ReadProcessMemory 或 WriteProcessMemory 请求。 (0x12B)
[0414/104422.673:ERROR:process_memory_win.cc(73)] ReadMemory at 0x16e6e24a020 of 132 bytes failed: 仅完成部分的 ReadProcessMemory 或 WriteProcessMemory 请求。 (0x12B)
[0414/104422.674:ERROR:process_memory_win.cc(73)] ReadMemory at 0x16e6e24a150 of 132 bytes failed: 仅完成部分的 ReadProcessMemory 或 WriteProcessMemory 请求。 (0x12B)
[0414/104422.674:ERROR:process_memory_win.cc(73)] ReadMemory at 0x16e6e24a280 of 132 bytes failed: 仅完成部分的 ReadProcessMemory 或 WriteProcessMemory 请求。 (0x12B)
[0414/104422.674:ERROR:process_memory_win.cc(73)] ReadMemory at 0x16e6e24a3b0 of 132 bytes failed: 仅完成部分的 ReadProcessMemory 或 WriteProcessMemory 请求。 (0x12B)
[0414/104422.674:ERROR:process_memory_win.cc(73)] ReadMemory at 0x16e6e24a4e0 of 132 bytes failed: 仅完成部分的 ReadProcessMemory 或 WriteProcessMemory 请求。 (0x12B)
[0414/104422.675:ERROR:process_memory_win.cc(73)] ReadMemory at 0x16e6e24a610 of 132 bytes failed: 仅完成部分的 ReadProcessMemory 或 WriteProcessMemory 请求。 (0x12B)
[0414/104422.675:ERROR:process_memory_win.cc(73)] ReadMemory at 0x16e6e24c2d0 of 72 bytes failed: 仅完成部分的 ReadProcessMemory 或 WriteProcessMemory 请求。 (0x12B)
[0414/104422.675:ERROR:process_memory_win.cc(73)] ReadMemory at 0x16e6e24d060 of 58 bytes failed: 仅完成部分的 ReadProcessMemory 或 WriteProcessMemory 请求。 (0x12B)
[0414/104422.675:ERROR:process_memory_win.cc(73)] ReadMemory at 0x16e6e24d470 of 66 bytes failed: 仅完成部分的 ReadProcessMemory 或 WriteProcessMemory 请求。 (0x12B)
[0414/104422.676:ERROR:process_memory_win.cc(73)] ReadMemory at 0x16e6e251640 of 54 bytes failed: 仅完成部分的 ReadProcessMemory 或 WriteProcessMemory 请求。 (0x12B)
[0414/104422.676:ERROR:process_memory_win.cc(73)] ReadMemory at 0x16e6e251840 of 52 bytes failed: 仅完成部分的 ReadProcessMemory 或 WriteProcessMemory 请求。 (0x12B)
[0414/104422.677:ERROR:process_memory_win.cc(73)] ReadMemory at 0x16e6e25bf60 of 248 bytes failed: 仅完成部分的 ReadProcessMemory 或 WriteProcessMemory 请求。 (0x12B)
[0414/104422.677:ERROR:process_memory_win.cc(73)] ReadMemory at 0x16e6e25df70 of 60 bytes failed: 仅完成部分的 ReadProcessMemory 或 WriteProcessMemory 请求。 (0x12B)
[0414/104422.678:ERROR:process_memory_win.cc(73)] ReadMemory at 0x16e6e25dfc0 of 60 bytes failed: 仅完成部分的 ReadProcessMemory 或 WriteProcessMemory 请求。 (0x12B)
[0414/104422.678:ERROR:process_memory_win.cc(73)] ReadMemory at 0x16e6e25e100 of 58 bytes failed: 仅完成部分的 ReadProcessMemory 或 WriteProcessMemory 请求。 (0x12B)
[0414/104422.678:ERROR:process_memory_win.cc(73)] ReadMemory at 0x16e6e25e150 of 64 bytes failed: 仅完成部分的 ReadProcessMemory 或 WriteProcessMemory 请求。 (0x12B)
[0414/104422.679:ERROR:process_memory_win.cc(73)] ReadMemory at 0x16e6e25e1f0 of 62 bytes failed: 仅完成部分的 ReadProcessMemory 或 WriteProcessMemory 请求。 (0x12B)
[0414/104422.679:ERROR:process_memory_win.cc(73)] ReadMemory at 0x16e6e25e2e0 of 58 bytes failed: 仅完成部分的 ReadProcessMemory 或 WriteProcessMemory 请求。 (0x12B)
[0414/104422.679:ERROR:process_memory_win.cc(73)] ReadMemory at 0x16e6e25e380 of 62 bytes failed: 仅完成部分的 ReadProcessMemory 或 WriteProcessMemory 请求。 (0x12B)
[0414/104422.679:ERROR:process_memory_win.cc(73)] ReadMemory at 0x16e6e25e420 of 62 bytes failed: 仅完成部分的 ReadProcessMemory 或 WriteProcessMemory 请求。 (0x12B)
[0414/104422.680:ERROR:process_memory_win.cc(73)] ReadMemory at 0x16e6e25e470 of 60 bytes failed: 仅完成部分的 ReadProcessMemory 或 WriteProcessMemory 请求。 (0x12B)
[0414/104422.680:ERROR:process_memory_win.cc(73)] ReadMemory at 0x16e6e25e4c0 of 64 bytes failed: 仅完成部分的 ReadProcessMemory 或 WriteProcessMemory 请求。 (0x12B)
[0414/104422.680:ERROR:process_memory_win.cc(73)] ReadMemory at 0x16e6e25e560 of 62 bytes failed: 仅完成部分的 ReadProcessMemory 或 WriteProcessMemory 请求。 (0x12B)
[0414/104422.680:ERROR:process_memory_win.cc(73)] ReadMemory at 0x16e6e25e5b0 of 60 bytes failed: 仅完成部分的 ReadProcessMemory 或 WriteProcessMemory 请求。 (0x12B)
[0414/104422.681:ERROR:process_memory_win.cc(73)] ReadMemory at 0x16e6e25e650 of 68 bytes failed: 仅完成部分的 ReadProcessMemory 或 WriteProcessMemory 请求。 (0x12B)
[0414/104422.681:ERROR:process_memory_win.cc(73)] ReadMemory at 0x16e6e25e740 of 56 bytes failed: 仅完成部分的 ReadProcessMemory 或 WriteProcessMemory 请求。 (0x12B)
[0414/104422.681:ERROR:process_memory_win.cc(73)] ReadMemory at 0x16e6e25e790 of 62 bytes failed: 仅完成部分的 ReadProcessMemory 或 WriteProcessMemory 请求。 (0x12B)
[0414/104422.682:ERROR:process_memory_win.cc(73)] ReadMemory at 0x16e6e25e7e0 of 64 bytes failed: 仅完成部分的 ReadProcessMemory 或 WriteProcessMemory 请求。 (0x12B)
[0414/104422.682:ERROR:process_memory_win.cc(73)] ReadMemory at 0x16e6e25e830 of 64 bytes failed: 仅完成部分的 ReadProcessMemory 或 WriteProcessMemory 请求。 (0x12B)
[0414/104422.682:ERROR:process_memory_win.cc(73)] ReadMemory at 0x16e6e25e880 of 60 bytes failed: 仅完成部分的 ReadProcessMemory 或 WriteProcessMemory 请求。 (0x12B)
[0414/104422.682:ERROR:process_memory_win.cc(73)] ReadMemory at 0x16e6e25e8d0 of 64 bytes failed: 仅完成部分的 ReadProcessMemory 或 WriteProcessMemory 请求。 (0x12B)
[0414/104422.683:ERROR:process_memory_win.cc(73)] ReadMemory at 0x16e6e25e970 of 64 bytes failed: 仅完成部分的 ReadProcessMemory 或 WriteProcessMemory 请求。 (0x12B)
[0414/104422.683:ERROR:process_memory_win.cc(73)] ReadMemory at 0x16e6e25ea10 of 62 bytes failed: 仅完成部分的 ReadProcessMemory 或 WriteProcessMemory 请求。 (0x12B)
[0414/104422.683:ERROR:process_memory_win.cc(73)] ReadMemory at 0x16e6e25ec40 of 64 bytes failed: 仅完成部分的 ReadProcessMemory 或 WriteProcessMemory 请求。 (0x12B)
[0414/104422.684:ERROR:process_memory_win.cc(73)] ReadMemory at 0x16e6e25eec0 of 60 bytes failed: 仅完成部分的 ReadProcessMemory 或 WriteProcessMemory 请求。 (0x12B)
[0414/104422.684:ERROR:process_memory_win.cc(73)] ReadMemory at 0x16e6e2606b0 of 132 bytes failed: 仅完成部分的 ReadProcessMemory 或 WriteProcessMemory 请求。 (0x12B)
[0414/104422.684:ERROR:process_memory_win.cc(73)] ReadMemory at 0x16e6e2607e0 of 132 bytes failed: 仅完成部分的 ReadProcessMemory 或 WriteProcessMemory 请求。 (0x12B)
[0414/104422.684:ERROR:process_memory_win.cc(73)] ReadMemory at 0x16e6e260910 of 132 bytes failed: 仅完成部分的 ReadProcessMemory 或 WriteProcessMemory 请求。 (0x12B)
[0414/104422.685:ERROR:process_memory_win.cc(73)] ReadMemory at 0x16e6e260a40 of 132 bytes failed: 仅完成部分的 ReadProcessMemory 或 WriteProcessMemory 请求。 (0x12B)
[0414/104422.685:ERROR:process_memory_win.cc(73)] ReadMemory at 0x16e6e260b70 of 132 bytes failed: 仅完成部分的 ReadProcessMemory 或 WriteProcessMemory 请求。 (0x12B)
[0414/104422.685:ERROR:process_memory_win.cc(73)] ReadMemory at 0x16e6e260ca0 of 132 bytes failed: 仅完成部分的 ReadProcessMemory 或 WriteProcessMemory 请求。 (0x12B)
[0414/104422.685:ERROR:process_memory_win.cc(73)] ReadMemory at 0x16e6e260dd0 of 132 bytes failed: 仅完成部分的 ReadProcessMemory 或 WriteProcessMemory 请求。 (0x12B)
[0414/104422.686:ERROR:process_memory_win.cc(73)] ReadMemory at 0x16e6e260f00 of 132 bytes failed: 仅完成部分的 ReadProcessMemory 或 WriteProcessMemory 请求。 (0x12B)
[0414/104422.686:ERROR:process_memory_win.cc(73)] ReadMemory at 0x16e6e261030 of 132 bytes failed: 仅完成部分的 ReadProcessMemory 或 WriteProcessMemory 请求。 (0x12B)
[0414/104422.686:ERROR:process_memory_win.cc(73)] ReadMemory at 0x16e6e261160 of 132 bytes failed: 仅完成部分的 ReadProcessMemory 或 WriteProcessMemory 请求。 (0x12B)
[0414/104422.686:ERROR:process_memory_win.cc(73)] ReadMemory at 0x16e6e261290 of 132 bytes failed: 仅完成部分的 ReadProcessMemory 或 WriteProcessMemory 请求。 (0x12B)
[0414/104422.686:ERROR:process_memory_win.cc(73)] ReadMemory at 0x16e6e2613c0 of 132 bytes failed: 仅完成部分的 ReadProcessMemory 或 WriteProcessMemory 请求。 (0x12B)
[0414/104422.686:ERROR:process_memory_win.cc(73)] ReadMemory at 0x16e6e2614f0 of 132 bytes failed: 仅完成部分的 ReadProcessMemory 或 WriteProcessMemory 请求。 (0x12B)
[0414/104422.687:ERROR:process_memory_win.cc(73)] ReadMemory at 0x16e6e261620 of 132 bytes failed: 仅完成部分的 ReadProcessMemory 或 WriteProcessMemory 请求。 (0x12B)
[0414/104422.687:ERROR:process_memory_win.cc(73)] ReadMemory at 0x16e6e261750 of 132 bytes failed: 仅完成部分的 ReadProcessMemory 或 WriteProcessMemory 请求。 (0x12B)
[0414/104422.687:ERROR:process_memory_win.cc(73)] ReadMemory at 0x16e6e261880 of 132 bytes failed: 仅完成部分的 ReadProcessMemory 或 WriteProcessMemory 请求。 (0x12B)
[0414/104422.687:ERROR:process_memory_win.cc(73)] ReadMemory at 0x16e6e2619b0 of 132 bytes failed: 仅完成部分的 ReadProcessMemory 或 WriteProcessMemory 请求。 (0x12B)
[0414/104422.687:ERROR:process_memory_win.cc(73)] ReadMemory at 0x16e6e261ae0 of 132 bytes failed: 仅完成部分的 ReadProcessMemory 或 WriteProcessMemory 请求。 (0x12B)
[0414/104422.687:ERROR:process_memory_win.cc(73)] ReadMemory at 0x16e6e261c10 of 132 bytes failed: 仅完成部分的 ReadProcessMemory 或 WriteProcessMemory 请求。 (0x12B)
[0414/104422.687:ERROR:process_memory_win.cc(73)] ReadMemory at 0x16e6e261d40 of 132 bytes failed: 仅完成部分的 ReadProcessMemory 或 WriteProcessMemory 请求。 (0x12B)
[0414/104422.687:ERROR:process_memory_win.cc(73)] ReadMemory at 0x16e6e261e70 of 132 bytes failed: 仅完成部分的 ReadProcessMemory 或 WriteProcessMemory 请求。 (0x12B)
[0414/104422.687:ERROR:process_memory_win.cc(73)] ReadMemory at 0x16e6e261fa0 of 132 bytes failed: 仅完成部分的 ReadProcessMemory 或 WriteProcessMemory 请求。 (0x12B)
[0414/104422.687:ERROR:process_memory_win.cc(73)] ReadMemory at 0x16e6e262200 of 132 bytes failed: 仅完成部分的 ReadProcessMemory 或 WriteProcessMemory 请求。 (0x12B)
[0414/104422.688:ERROR:process_memory_win.cc(73)] ReadMemory at 0x16e6e262330 of 132 bytes failed: 仅完成部分的 ReadProcessMemory 或 WriteProcessMemory 请求。 (0x12B)
[0414/104422.688:ERROR:process_memory_win.cc(73)] ReadMemory at 0x16e6e262460 of 132 bytes failed: 仅完成部分的 ReadProcessMemory 或 WriteProcessMemory 请求。 (0x12B)
[0414/104422.688:ERROR:process_memory_win.cc(73)] ReadMemory at 0x16e6e26b7f0 of 64 bytes failed: 仅完成部分的 ReadProcessMemory 或 WriteProcessMemory 请求。 (0x12B)
[0414/104422.688:ERROR:process_memory_win.cc(73)] ReadMemory at 0x16e6e26b890 of 60 bytes failed: 仅完成部分的 ReadProcessMemory 或 WriteProcessMemory 请求。 (0x12B)
[0414/104422.688:ERROR:process_memory_win.cc(73)] ReadMemory at 0x16e6e26b8e0 of 62 bytes failed: 仅完成部分的 ReadProcessMemory 或 WriteProcessMemory 请求。 (0x12B)
[0414/104422.688:ERROR:process_memory_win.cc(73)] ReadMemory at 0x16e6e26b980 of 70 bytes failed: 仅完成部分的 ReadProcessMemory 或 WriteProcessMemory 请求。 (0x12B)
[0414/104422.688:ERROR:process_memory_win.cc(73)] ReadMemory at 0x16e6e26bac0 of 60 bytes failed: 仅完成部分的 ReadProcessMemory 或 WriteProcessMemory 请求。 (0x12B)
[0414/104422.688:ERROR:process_memory_win.cc(73)] ReadMemory at 0x16e6e26bca0 of 62 bytes failed: 仅完成部分的 ReadProcessMemory 或 WriteProcessMemory 请求。 (0x12B)
[0414/104422.688:ERROR:process_memory_win.cc(73)] ReadMemory at 0x16e6e26bf70 of 62 bytes failed: 仅完成部分的 ReadProcessMemory 或 WriteProcessMemory 请求。 (0x12B)
[0414/104422.689:ERROR:process_memory_win.cc(73)] ReadMemory at 0x16e6e26c1a0 of 58 bytes failed: 仅完成部分的 ReadProcessMemory 或 WriteProcessMemory 请求。 (0x12B)
[0414/104422.689:ERROR:process_memory_win.cc(73)] ReadMemory at 0x16e6e284b20 of 60 bytes failed: 仅完成部分的 ReadProcessMemory 或 WriteProcessMemory 请求。 (0x12B)
[0414/104422.689:ERROR:process_memory_win.cc(73)] ReadMemory at 0x16e6e285020 of 56 bytes failed: 仅完成部分的 ReadProcessMemory 或 WriteProcessMemory 请求。 (0x12B)
[0414/104422.689:ERROR:process_memory_win.cc(73)] ReadMemory at 0x16e6e286340 of 76 bytes failed: 仅完成部分的 ReadProcessMemory 或 WriteProcessMemory 请求。 (0x12B)
[0414/104422.689:ERROR:process_memory_win.cc(73)] ReadMemory at 0x16e6e286c40 of 126 bytes failed: 仅完成部分的 ReadProcessMemory 或 WriteProcessMemory 请求。 (0x12B)
[0414/104422.689:ERROR:process_memory_win.cc(73)] ReadMemory at 0x16e6e299280 of 60 bytes failed: 仅完成部分的 ReadProcessMemory 或 WriteProcessMemory 请求。 (0x12B)
[0414/104422.689:ERROR:process_memory_win.cc(73)] ReadMemory at 0x16e6e299550 of 70 bytes failed: 仅完成部分的 ReadProcessMemory 或 WriteProcessMemory 请求。 (0x12B)
[0414/104422.689:ERROR:process_memory_win.cc(73)] ReadMemory at 0x16e6e2997d0 of 58 bytes failed: 仅完成部分的 ReadProcessMemory 或 WriteProcessMemory 请求。 (0x12B)
[0414/104422.689:ERROR:process_memory_win.cc(73)] ReadMemory at 0x16e6e299c30 of 58 bytes failed: 仅完成部分的 ReadProcessMemory 或 WriteProcessMemory 请求。 (0x12B)
[0414/104422.690:ERROR:process_memory_win.cc(73)] ReadMemory at 0x16e6e299c80 of 60 bytes failed: 仅完成部分的 ReadProcessMemory 或 WriteProcessMemory 请求。 (0x12B)
[0414/104422.690:ERROR:process_memory_win.cc(73)] ReadMemory at 0x16e6e2b3a80 of 64 bytes failed: 仅完成部分的 ReadProcessMemory 或 WriteProcessMemory 请求。 (0x12B)
[0414/104422.690:ERROR:process_memory_win.cc(73)] ReadMemory at 0x16e6e2b3b70 of 62 bytes failed: 仅完成部分的 ReadProcessMemory 或 WriteProcessMemory 请求。 (0x12B)
[0414/104422.690:ERROR:process_memory_win.cc(73)] ReadMemory at 0x16e6e2b3c10 of 68 bytes failed: 仅完成部分的 ReadProcessMemory 或 WriteProcessMemory 请求。 (0x12B)
[0414/104422.690:ERROR:process_memory_win.cc(73)] ReadMemory at 0x16e6e2b4700 of 64 bytes failed: 仅完成部分的 ReadProcessMemory 或 WriteProcessMemory 请求。 (0x12B)
[0414/104422.690:ERROR:process_memory_win.cc(73)] ReadMemory at 0x16e6e319290 of 132 bytes failed: 仅完成部分的 ReadProcessMemory 或 WriteProcessMemory 请求。 (0x12B)
[0414/104422.690:ERROR:process_memory_win.cc(73)] ReadMemory at 0x16e6e3193c0 of 132 bytes failed: 仅完成部分的 ReadProcessMemory 或 WriteProcessMemory 请求。 (0x12B)
[0414/104422.690:ERROR:process_memory_win.cc(73)] ReadMemory at 0x16e6e319d40 of 132 bytes failed: 仅完成部分的 ReadProcessMemory 或 WriteProcessMemory 请求。 (0x12B)
[0414/104422.690:ERROR:process_memory_win.cc(73)] ReadMemory at 0x16e6e319fa0 of 132 bytes failed: 仅完成部分的 ReadProcessMemory 或 WriteProcessMemory 请求。 (0x12B)
[0414/104422.691:ERROR:process_memory_win.cc(73)] ReadMemory at 0x16e6e31a920 of 132 bytes failed: 仅完成部分的 ReadProcessMemory 或 WriteProcessMemory 请求。 (0x12B)
[0414/104422.691:ERROR:process_memory_win.cc(73)] ReadMemory at 0x16e6e31aa50 of 132 bytes failed: 仅完成部分的 ReadProcessMemory 或 WriteProcessMemory 请求。 (0x12B)
[0414/104422.691:ERROR:process_memory_win.cc(73)] ReadMemory at 0x16e6e373880 of 512 bytes failed: 仅完成部分的 ReadProcessMemory 或 WriteProcessMemory 请求。 (0x12B)
[0414/104422.691:ERROR:process_memory_win.cc(73)] ReadMemory at 0x16e6e390000 of 384 bytes failed: 仅完成部分的 ReadProcessMemory 或 WriteProcessMemory 请求。 (0x12B)
[0414/104422.691:ERROR:process_memory_win.cc(73)] ReadMemory at 0x16e6fe28c10 of 512 bytes failed: 仅完成部分的 ReadProcessMemory 或 WriteProcessMemory 请求。 (0x12B)
[0414/104422.691:ERROR:process_memory_win.cc(73)] ReadMemory at 0x16e6fe3fcd0 of 512 bytes failed: 仅完成部分的 ReadProcessMemory 或 WriteProcessMemory 请求。 (0x12B)
[0414/104422.691:ERROR:process_memory_win.cc(73)] ReadMemory at 0x16e6fe60c20 of 512 bytes failed: 仅完成部分的 ReadProcessMemory 或 WriteProcessMemory 请求。 (0x12B)
[0414/104422.691:ERROR:process_memory_win.cc(73)] ReadMemory at 0x16e71f8f828 of 512 bytes failed: 仅完成部分的 ReadProcessMemory 或 WriteProcessMemory 请求。 (0x12B)
[0414/104422.692:ERROR:process_memory_win.cc(73)] ReadMemory at 0x16e74d71690 of 62 bytes failed: 仅完成部分的 ReadProcessMemory 或 WriteProcessMemory 请求。 (0x12B)
[0414/104422.692:ERROR:process_memory_win.cc(73)] ReadMemory at 0x16e74d71820 of 66 bytes failed: 仅完成部分的 ReadProcessMemory 或 WriteProcessMemory 请求。 (0x12B)
[0414/104422.692:ERROR:process_memory_win.cc(73)] ReadMemory at 0x16e74d71af0 of 70 bytes failed: 仅完成部分的 ReadProcessMemory 或 WriteProcessMemory 请求。 (0x12B)
[0414/104422.692:ERROR:process_memory_win.cc(73)] ReadMemory at 0x16e74d87fc0 of 512 bytes failed: 仅完成部分的 ReadProcessMemory 或 WriteProcessMemory 请求。 (0x12B)
[0414/104422.692:ERROR:process_memory_win.cc(73)] ReadMemory at 0x16e74d96ae0 of 512 bytes failed: 仅完成部分的 ReadProcessMemory 或 WriteProcessMemory 请求。 (0x12B)
[0414/104422.692:ERROR:process_memory_win.cc(73)] ReadMemory at 0x16e74dbead0 of 512 bytes failed: 仅完成部分的 ReadProcessMemory 或 WriteProcessMemory 请求。 (0x12B)
[0414/104422.692:ERROR:process_memory_win.cc(73)] ReadMemory at 0x16e74dbf250 of 512 bytes failed: 仅完成部分的 ReadProcessMemory 或 WriteProcessMemory 请求。 (0x12B)
[0414/104422.692:ERROR:process_memory_win.cc(73)] ReadMemory at 0x7ffece69caa0 of 512 bytes failed: 仅完成部分的 ReadProcessMemory 或 WriteProcessMemory 请求。 (0x12B)
[0414/104422.692:ERROR:process_memory_win.cc(73)] ReadMemory at 0x7ffece89f060 of 512 bytes failed: 仅完成部分的 ReadProcessMemory 或 WriteProcessMemory 请求。 (0x12B)
[0414/104422.692:ERROR:process_memory_win.cc(73)] ReadMemory at 0x7ffecfcb904b of 512 bytes failed: 仅完成部分的 ReadProcessMemory 或 WriteProcessMemory 请求。 (0x12B)
[0414/104422.692:ERROR:process_memory_win.cc(73)] ReadMemory at 0x7ffecfcb970a of 512 bytes failed: 仅完成部分的 ReadProcessMemory 或 WriteProcessMemory 请求。 (0x12B)
[0414/104422.693:ERROR:process_memory_win.cc(73)] ReadMemory at 0x7ffed24308a0 of 512 bytes failed: 仅完成部分的 ReadProcessMemory 或 WriteProcessMemory 请求。 (0x12B)
[0414/104422.693:ERROR:process_memory_win.cc(73)] ReadMemory at 0x7ffed25db520 of 512 bytes failed: 仅完成部分的 ReadProcessMemory 或 WriteProcessMemory 请求。 (0x12B)
[0414/104422.693:ERROR:process_memory_win.cc(73)] ReadMemory at 0x7fff1dce9664 of 512 bytes failed: 仅完成部分的 ReadProcessMemory 或 WriteProcessMemory 请求。 (0x12B)
[0414/104422.693:ERROR:process_memory_win.cc(73)] ReadMemory at 0x7fff1edc0e00 of 512 bytes failed: 仅完成部分的 ReadProcessMemory 或 WriteProcessMemory 请求。 (0x12B)
[0414/104422.693:ERROR:process_memory_win.cc(73)] ReadMemory at 0x7fff20e78a00 of 512 bytes failed: 仅完成部分的 ReadProcessMemory 或 WriteProcessMemory 请求。 (0x12B)
[0414/104422.693:ERROR:process_memory_win.cc(73)] ReadMemory at 0x7fff20e80480 of 512 bytes failed: 仅完成部分的 ReadProcessMemory 或 WriteProcessMemory 请求。 (0x12B)
[0414/104422.693:ERROR:process_memory_win.cc(73)] ReadMemory at 0x7fff20e80dc0 of 512 bytes failed: 仅完成部分的 ReadProcessMemory 或 WriteProcessMemory 请求。 (0x12B)
[0414/104422.693:ERROR:process_memory_win.cc(73)] ReadMemory at 0x7fff21930000 of 384 bytes failed: 仅完成部分的 ReadProcessMemory 或 WriteProcessMemory 请求。 (0x12B)
[0414/104422.693:ERROR:process_memory_win.cc(73)] ReadMemory at 0x7fff21956270 of 512 bytes failed: 仅完成部分的 ReadProcessMemory 或 WriteProcessMemory 请求。 (0x12B)
[0414/104422.694:ERROR:process_memory_win.cc(73)] ReadMemory at 0x7fff219579f0 of 512 bytes failed: 仅完成部分的 ReadProcessMemory 或 WriteProcessMemory 请求。 (0x12B)
[0414/104422.694:ERROR:process_memory_win.cc(73)] ReadMemory at 0x7fff21957d50 of 512 bytes failed: 仅完成部分的 ReadProcessMemory 或 WriteProcessMemory 请求。 (0x12B)
[0414/104422.694:ERROR:process_memory_win.cc(73)] ReadMemory at 0x7fff219582e0 of 512 bytes failed: 仅完成部分的 ReadProcessMemory 或 WriteProcessMemory 请求。 (0x12B)
[0414/104422.694:ERROR:process_memory_win.cc(73)] ReadMemory at 0x7fff219587f0 of 512 bytes failed: 仅完成部分的 ReadProcessMemory 或 WriteProcessMemory 请求。 (0x12B)
[0414/104422.694:ERROR:process_memory_win.cc(73)] ReadMemory at 0x7fff2195a0d0 of 512 bytes failed: 仅完成部分的 ReadProcessMemory 或 WriteProcessMemory 请求。 (0x12B)
[0414/104422.694:ERROR:process_memory_win.cc(73)] ReadMemory at 0x7fff219ca9a4 of 672 bytes failed: 仅完成部分的 ReadProcessMemory 或 WriteProcessMemory 请求。 (0x12B)
[0414/104422.694:ERROR:process_memory_win.cc(73)] ReadMemory at 0x7fff219cafa4 of 512 bytes failed: 仅完成部分的 ReadProcessMemory 或 WriteProcessMemory 请求。 (0x12B)
[0414/104422.694:ERROR:process_memory_win.cc(73)] ReadMemory at 0x7fff219ce274 of 512 bytes failed: 仅完成部分的 ReadProcessMemory 或 WriteProcessMemory 请求。 (0x12B)
[0414/104422.694:ERROR:process_memory_win.cc(73)] ReadMemory at 0x7fff21a501e0 of 18 bytes failed: 仅完成部分的 ReadProcessMemory 或 WriteProcessMemory 请求。 (0x12B)
[0414/104422.694:ERROR:process_memory_win.cc(73)] ReadMemory at 0x7fff21a865b0 of 40 bytes failed: 仅完成部分的 ReadProcessMemory 或 WriteProcessMemory 请求。 (0x12B)
[0414/104422.695:ERROR:process_memory_win.cc(73)] ReadMemory at 0x7fff21a86a08 of 48 bytes failed: 仅完成部分的 ReadProcessMemory 或 WriteProcessMemory 请求。 (0x12B)
[0414/104422.695:ERROR:process_memory_win.cc(73)] ReadMemory at 0x7fff21a8c360 of 64 bytes failed: 仅完成部分的 ReadProcessMemory 或 WriteProcessMemory 请求。 (0x12B)
[0414/104422.921:ERROR:scoped_process_suspend.cc(40)] NtResumeProcess: 已尝试访问正在退出的过程。 (0xc000010a)
