[0615/181548.706:ERROR:process_reader_win.cc(242)] ReadMemory at 0x7ff7b3f90000 of 64 bytes failed: 仅完成部分的 ReadProcessMemory 或 WriteProcessMemory 请求。 (0x12B)
[0615/181551.491:WARNING:pe_image_reader.cc(302)] could not read dos header from C:\Program Files (x86)\Google\Chrome\Application\chrome.exe
[0615/181551.491:ERROR:process_reader_win.cc(242)] ReadMemory at 0x7ffd55750000 of 64 bytes failed: 仅完成部分的 ReadProcessMemory 或 WriteProcessMemory 请求。 (0x12B)
[0615/181551.492:WARNING:pe_image_reader.cc(302)] could not read dos header from C:\WINDOWS\SYSTEM32\ntdll.dll
[0615/181551.492:ERROR:process_reader_win.cc(242)] ReadMemory at 0x7ffd54cf0000 of 64 bytes failed: 仅完成部分的 ReadProcessMemory 或 WriteProcessMemory 请求。 (0x12B)
[0615/181551.527:WARNING:pe_image_reader.cc(302)] could not read dos header from C:\WINDOWS\System32\KERNEL32.DLL
[0615/181551.527:ERROR:process_reader_win.cc(242)] ReadMemory at 0x7ffd52940000 of 64 bytes failed: 仅完成部分的 ReadProcessMemory 或 WriteProcessMemory 请求。 (0x12B)
[0615/181551.527:WARNING:pe_image_reader.cc(302)] could not read dos header from C:\WINDOWS\System32\KERNELBASE.dll
[0615/181551.527:ERROR:process_reader_win.cc(242)] ReadMemory at 0x7ffd50260000 of 64 bytes failed: 仅完成部分的 ReadProcessMemory 或 WriteProcessMemory 请求。 (0x12B)
[0615/181551.527:WARNING:pe_image_reader.cc(302)] could not read dos header from C:\WINDOWS\SYSTEM32\apphelp.dll
[0615/181551.527:ERROR:process_reader_win.cc(242)] ReadMemory at 0x7ffd54ac0000 of 64 bytes failed: 仅完成部分的 ReadProcessMemory 或 WriteProcessMemory 请求。 (0x12B)
[0615/181551.527:WARNING:pe_image_reader.cc(302)] could not read dos header from C:\WINDOWS\System32\ADVAPI32.dll
[0615/181551.527:ERROR:process_reader_win.cc(242)] ReadMemory at 0x7ffd548a0000 of 64 bytes failed: 仅完成部分的 ReadProcessMemory 或 WriteProcessMemory 请求。 (0x12B)
[0615/181551.527:WARNING:pe_image_reader.cc(302)] could not read dos header from C:\WINDOWS\System32\msvcrt.dll
[0615/181551.527:ERROR:process_reader_win.cc(242)] ReadMemory at 0x7ffd54570000 of 64 bytes failed: 仅完成部分的 ReadProcessMemory 或 WriteProcessMemory 请求。 (0x12B)
[0615/181551.527:WARNING:pe_image_reader.cc(302)] could not read dos header from C:\WINDOWS\System32\sechost.dll
[0615/181551.527:ERROR:process_reader_win.cc(242)] ReadMemory at 0x7ffd54770000 of 64 bytes failed: 仅完成部分的 ReadProcessMemory 或 WriteProcessMemory 请求。 (0x12B)
[0615/181551.527:WARNING:pe_image_reader.cc(302)] could not read dos header from C:\WINDOWS\System32\RPCRT4.dll
[0615/181551.527:ERROR:process_reader_win.cc(242)] ReadMemory at 0x1936e300000 of 64 bytes failed: 仅完成部分的 ReadProcessMemory 或 WriteProcessMemory 请求。 (0x12B)
[0615/181551.527:WARNING:pe_image_reader.cc(302)] could not read dos header from C:\WINDOWS\System32\PSAPI.DLL
[0615/181551.527:ERROR:process_reader_win.cc(242)] ReadMemory at 0x7ffd52ce0000 of 64 bytes failed: 仅完成部分的 ReadProcessMemory 或 WriteProcessMemory 请求。 (0x12B)
[0615/181551.527:WARNING:pe_image_reader.cc(302)] could not read dos header from C:\WINDOWS\System32\SHELL32.dll
[0615/181551.527:ERROR:process_reader_win.cc(242)] ReadMemory at 0x7ffd521e0000 of 64 bytes failed: 仅完成部分的 ReadProcessMemory 或 WriteProcessMemory 请求。 (0x12B)
[0615/181551.527:WARNING:pe_image_reader.cc(302)] could not read dos header from C:\WINDOWS\System32\cfgmgr32.dll
[0615/181551.527:ERROR:process_reader_win.cc(242)] ReadMemory at 0x7ffd51c30000 of 64 bytes failed: 仅完成部分的 ReadProcessMemory 或 WriteProcessMemory 请求。 (0x12B)
[0615/181551.527:WARNING:pe_image_reader.cc(302)] could not read dos header from C:\WINDOWS\System32\ucrtbase.dll
[0615/181551.527:ERROR:process_reader_win.cc(242)] ReadMemory at 0x7ffd555a0000 of 64 bytes failed: 仅完成部分的 ReadProcessMemory 或 WriteProcessMemory 请求。 (0x12B)
[0615/181551.527:WARNING:pe_image_reader.cc(302)] could not read dos header from C:\WINDOWS\System32\shcore.dll
[0615/181551.527:ERROR:process_reader_win.cc(242)] ReadMemory at 0x7ffd54dd0000 of 64 bytes failed: 仅完成部分的 ReadProcessMemory 或 WriteProcessMemory 请求。 (0x12B)
[0615/181551.527:WARNING:pe_image_reader.cc(302)] could not read dos header from C:\WINDOWS\System32\combase.dll
[0615/181551.527:ERROR:process_reader_win.cc(242)] ReadMemory at 0x7ffd51f20000 of 64 bytes failed: 仅完成部分的 ReadProcessMemory 或 WriteProcessMemory 请求。 (0x12B)
[0615/181551.527:WARNING:pe_image_reader.cc(302)] could not read dos header from C:\WINDOWS\System32\bcryptPrimitives.dll
[0615/181551.527:ERROR:process_reader_win.cc(242)] ReadMemory at 0x7ffd52230000 of 64 bytes failed: 仅完成部分的 ReadProcessMemory 或 WriteProcessMemory 请求。 (0x12B)
[0615/181551.527:WARNING:pe_image_reader.cc(302)] could not read dos header from C:\WINDOWS\System32\windows.storage.dll
[0615/181551.527:ERROR:process_reader_win.cc(242)] ReadMemory at 0x7ffd55130000 of 64 bytes failed: 仅完成部分的 ReadProcessMemory 或 WriteProcessMemory 请求。 (0x12B)
[0615/181551.527:WARNING:pe_image_reader.cc(302)] could not read dos header from C:\WINDOWS\System32\shlwapi.dll
[0615/181551.527:ERROR:process_reader_win.cc(242)] ReadMemory at 0x7ffd55100000 of 64 bytes failed: 仅完成部分的 ReadProcessMemory 或 WriteProcessMemory 请求。 (0x12B)
[0615/181551.527:WARNING:pe_image_reader.cc(302)] could not read dos header from C:\WINDOWS\System32\GDI32.dll
[0615/181551.527:ERROR:process_reader_win.cc(242)] ReadMemory at 0x7ffd51fa0000 of 64 bytes failed: 仅完成部分的 ReadProcessMemory 或 WriteProcessMemory 请求。 (0x12B)
[0615/181551.527:WARNING:pe_image_reader.cc(302)] could not read dos header from C:\WINDOWS\System32\gdi32full.dll
[0615/181551.528:ERROR:process_reader_win.cc(242)] ReadMemory at 0x7ffd52140000 of 64 bytes failed: 仅完成部分的 ReadProcessMemory 或 WriteProcessMemory 请求。 (0x12B)
[0615/181551.528:WARNING:pe_image_reader.cc(302)] could not read dos header from C:\WINDOWS\System32\msvcp_win.dll
[0615/181551.528:ERROR:process_reader_win.cc(242)] ReadMemory at 0x7ffd552b0000 of 64 bytes failed: 仅完成部分的 ReadProcessMemory 或 WriteProcessMemory 请求。 (0x12B)
[0615/181551.528:WARNING:pe_image_reader.cc(302)] could not read dos header from C:\WINDOWS\System32\USER32.dll
[0615/181551.528:ERROR:process_reader_win.cc(242)] ReadMemory at 0x7ffd52bc0000 of 64 bytes failed: 仅完成部分的 ReadProcessMemory 或 WriteProcessMemory 请求。 (0x12B)
[0615/181551.528:WARNING:pe_image_reader.cc(302)] could not read dos header from C:\WINDOWS\System32\win32u.dll
[0615/181551.528:ERROR:process_reader_win.cc(242)] ReadMemory at 0x7ffd51a80000 of 64 bytes failed: 仅完成部分的 ReadProcessMemory 或 WriteProcessMemory 请求。 (0x12B)
[0615/181551.528:WARNING:pe_image_reader.cc(302)] could not read dos header from C:\WINDOWS\System32\kernel.appcore.dll
[0615/181551.528:ERROR:process_reader_win.cc(242)] ReadMemory at 0x7ffd51aa0000 of 64 bytes failed: 仅完成部分的 ReadProcessMemory 或 WriteProcessMemory 请求。 (0x12B)
[0615/181551.528:WARNING:pe_image_reader.cc(302)] could not read dos header from C:\WINDOWS\System32\profapi.dll
[0615/181551.528:ERROR:process_reader_win.cc(242)] ReadMemory at 0x7ffd51ac0000 of 64 bytes failed: 仅完成部分的 ReadProcessMemory 或 WriteProcessMemory 请求。 (0x12B)
[0615/181551.528:WARNING:pe_image_reader.cc(302)] could not read dos header from C:\WINDOWS\System32\powrprof.dll
[0615/181551.528:ERROR:process_reader_win.cc(242)] ReadMemory at 0x7ffd51b10000 of 64 bytes failed: 仅完成部分的 ReadProcessMemory 或 WriteProcessMemory 请求。 (0x12B)
[0615/181551.528:WARNING:pe_image_reader.cc(302)] could not read dos header from C:\WINDOWS\System32\FLTLIB.DLL
[0615/181551.528:ERROR:process_reader_win.cc(242)] ReadMemory at 0x7ffd33840000 of 64 bytes failed: 仅完成部分的 ReadProcessMemory 或 WriteProcessMemory 请求。 (0x12B)
[0615/181551.528:WARNING:pe_image_reader.cc(302)] could not read dos header from C:\Program Files (x86)\Google\Chrome\Application\67.0.3396.87\chrome_elf.dll
[0615/181551.528:ERROR:process_reader_win.cc(242)] ReadMemory at 0x7ffd44520000 of 64 bytes failed: 仅完成部分的 ReadProcessMemory 或 WriteProcessMemory 请求。 (0x12B)
[0615/181551.528:WARNING:pe_image_reader.cc(302)] could not read dos header from C:\WINDOWS\SYSTEM32\VERSION.dll
[0615/181551.528:ERROR:process_reader_win.cc(242)] ReadMemory at 0x7ffd4ed80000 of 64 bytes failed: 仅完成部分的 ReadProcessMemory 或 WriteProcessMemory 请求。 (0x12B)
[0615/181551.528:WARNING:pe_image_reader.cc(302)] could not read dos header from C:\WINDOWS\SYSTEM32\WINMM.dll
[0615/181551.528:ERROR:process_reader_win.cc(242)] ReadMemory at 0x7ffd51990000 of 64 bytes failed: 仅完成部分的 ReadProcessMemory 或 WriteProcessMemory 请求。 (0x12B)
[0615/181551.528:WARNING:pe_image_reader.cc(302)] could not read dos header from C:\WINDOWS\SYSTEM32\USERENV.dll
[0615/181551.528:ERROR:process_reader_win.cc(242)] ReadMemory at 0x7ffd4a1b0000 of 64 bytes failed: 仅完成部分的 ReadProcessMemory 或 WriteProcessMemory 请求。 (0x12B)
[0615/181551.528:WARNING:pe_image_reader.cc(302)] could not read dos header from C:\WINDOWS\SYSTEM32\WINHTTP.dll
[0615/181551.528:ERROR:process_reader_win.cc(242)] ReadMemory at 0x7ffd4ed50000 of 64 bytes failed: 仅完成部分的 ReadProcessMemory 或 WriteProcessMemory 请求。 (0x12B)
[0615/181551.528:WARNING:pe_image_reader.cc(302)] could not read dos header from C:\WINDOWS\SYSTEM32\WINMMBASE.dll
[0615/181551.528:ERROR:process_reader_win.cc(242)] ReadMemory at 0x7ffd51490000 of 64 bytes failed: 仅完成部分的 ReadProcessMemory 或 WriteProcessMemory 请求。 (0x12B)
[0615/181551.528:WARNING:pe_image_reader.cc(302)] could not read dos header from C:\WINDOWS\SYSTEM32\CRYPTBASE.DLL
[0615/181551.528:ERROR:process_reader_win.cc(242)] ReadMemory at 0x7ffd55220000 of 64 bytes failed: 仅完成部分的 ReadProcessMemory 或 WriteProcessMemory 请求。 (0x12B)
[0615/181551.528:WARNING:pe_image_reader.cc(302)] could not read dos header from C:\WINDOWS\System32\IMM32.DLL
[0615/181551.528:ERROR:process_reader_win.cc(242)] ReadMemory at 0x7ffd0d310000 of 64 bytes failed: 仅完成部分的 ReadProcessMemory 或 WriteProcessMemory 请求。 (0x12B)
[0615/181551.528:WARNING:pe_image_reader.cc(302)] could not read dos header from C:\Program Files (x86)\Google\Chrome\Application\67.0.3396.87\chrome_child.dll
[0615/181551.528:ERROR:process_reader_win.cc(242)] ReadMemory at 0x7ffd54960000 of 64 bytes failed: 仅完成部分的 ReadProcessMemory 或 WriteProcessMemory 请求。 (0x12B)
[0615/181551.528:WARNING:pe_image_reader.cc(302)] could not read dos header from C:\WINDOWS\System32\COMDLG32.dll
[0615/181551.528:ERROR:process_reader_win.cc(242)] ReadMemory at 0x7ffd55650000 of 64 bytes failed: 仅完成部分的 ReadProcessMemory 或 WriteProcessMemory 请求。 (0x12B)
[0615/181551.528:WARNING:pe_image_reader.cc(302)] could not read dos header from C:\WINDOWS\System32\OLEAUT32.dll
[0615/181551.528:ERROR:process_reader_win.cc(242)] ReadMemory at 0x7ffd54a50000 of 64 bytes failed: 仅完成部分的 ReadProcessMemory 或 WriteProcessMemory 请求。 (0x12B)
[0615/181551.528:WARNING:pe_image_reader.cc(302)] could not read dos header from C:\WINDOWS\System32\WS2_32.dll
[0615/181551.528:ERROR:process_reader_win.cc(242)] ReadMemory at 0x7ffd55440000 of 64 bytes failed: 仅完成部分的 ReadProcessMemory 或 WriteProcessMemory 请求。 (0x12B)
[0615/181551.528:WARNING:pe_image_reader.cc(302)] could not read dos header from C:\WINDOWS\System32\ole32.dll
[0615/181551.528:ERROR:process_reader_win.cc(242)] ReadMemory at 0x7ffd51bd0000 of 64 bytes failed: 仅完成部分的 ReadProcessMemory 或 WriteProcessMemory 请求。 (0x12B)
[0615/181551.528:WARNING:pe_image_reader.cc(302)] could not read dos header from C:\WINDOWS\System32\WINTRUST.dll
[0615/181551.528:ERROR:process_reader_win.cc(242)] ReadMemory at 0x7ffd51a60000 of 64 bytes failed: 仅完成部分的 ReadProcessMemory 或 WriteProcessMemory 请求。 (0x12B)
[0615/181551.528:WARNING:pe_image_reader.cc(302)] could not read dos header from C:\WINDOWS\System32\MSASN1.dll
[0615/181551.528:ERROR:process_reader_win.cc(242)] ReadMemory at 0x7ffd51d30000 of 64 bytes failed: 仅完成部分的 ReadProcessMemory 或 WriteProcessMemory 请求。 (0x12B)
[0615/181551.528:WARNING:pe_image_reader.cc(302)] could not read dos header from C:\WINDOWS\System32\CRYPT32.dll
[0615/181551.528:ERROR:process_reader_win.cc(242)] ReadMemory at 0x7ffd48f60000 of 64 bytes failed: 仅完成部分的 ReadProcessMemory 或 WriteProcessMemory 请求。 (0x12B)
[0615/181551.528:WARNING:pe_image_reader.cc(302)] could not read dos header from C:\WINDOWS\WinSxS\amd64_microsoft.windows.common-controls_6595b64144ccf1df_6.0.17134.48_none_b4b2216a3cb4dd3e\COMCTL32.dll
[0615/181551.528:ERROR:process_reader_win.cc(242)] ReadMemory at 0x7ffd40250000 of 64 bytes failed: 仅完成部分的 ReadProcessMemory 或 WriteProcessMemory 请求。 (0x12B)
[0615/181551.528:WARNING:pe_image_reader.cc(302)] could not read dos header from C:\WINDOWS\SYSTEM32\Secur32.dll
[0615/181551.528:ERROR:process_reader_win.cc(242)] ReadMemory at 0x7ffd42eb0000 of 64 bytes failed: 仅完成部分的 ReadProcessMemory 或 WriteProcessMemory 请求。 (0x12B)
[0615/181551.528:WARNING:pe_image_reader.cc(302)] could not read dos header from C:\WINDOWS\SYSTEM32\dbghelp.dll
[0615/181551.528:ERROR:process_reader_win.cc(242)] ReadMemory at 0x7ffd4a0a0000 of 64 bytes failed: 仅完成部分的 ReadProcessMemory 或 WriteProcessMemory 请求。 (0x12B)
[0615/181551.528:WARNING:pe_image_reader.cc(302)] could not read dos header from C:\WINDOWS\SYSTEM32\USP10.dll
[0615/181551.528:ERROR:process_reader_win.cc(242)] ReadMemory at 0x7ffd3f370000 of 64 bytes failed: 仅完成部分的 ReadProcessMemory 或 WriteProcessMemory 请求。 (0x12B)
[0615/181551.529:WARNING:pe_image_reader.cc(302)] could not read dos header from C:\WINDOWS\SYSTEM32\WINSPOOL.DRV
[0615/181551.529:ERROR:process_reader_win.cc(242)] ReadMemory at 0x7ffd51000000 of 64 bytes failed: 仅完成部分的 ReadProcessMemory 或 WriteProcessMemory 请求。 (0x12B)
[0615/181551.529:WARNING:pe_image_reader.cc(302)] could not read dos header from C:\WINDOWS\SYSTEM32\IPHLPAPI.DLL
[0615/181551.529:ERROR:process_reader_win.cc(242)] ReadMemory at 0x7ffd4c5b0000 of 64 bytes failed: 仅完成部分的 ReadProcessMemory 或 WriteProcessMemory 请求。 (0x12B)
[0615/181551.529:WARNING:pe_image_reader.cc(302)] could not read dos header from C:\WINDOWS\SYSTEM32\urlmon.dll
[0615/181551.529:ERROR:process_reader_win.cc(242)] ReadMemory at 0x7ffd4ad30000 of 64 bytes failed: 仅完成部分的 ReadProcessMemory 或 WriteProcessMemory 请求。 (0x12B)
[0615/181551.529:WARNING:pe_image_reader.cc(302)] could not read dos header from C:\WINDOWS\SYSTEM32\DWrite.dll
[0615/181551.529:ERROR:process_reader_win.cc(242)] ReadMemory at 0x7ffd50820000 of 64 bytes failed: 仅完成部分的 ReadProcessMemory 或 WriteProcessMemory 请求。 (0x12B)
[0615/181551.529:WARNING:pe_image_reader.cc(302)] could not read dos header from C:\WINDOWS\SYSTEM32\dxgi.dll
[0615/181551.529:ERROR:process_reader_win.cc(242)] ReadMemory at 0x7ffd47e80000 of 64 bytes failed: 仅完成部分的 ReadProcessMemory 或 WriteProcessMemory 请求。 (0x12B)
[0615/181551.529:WARNING:pe_image_reader.cc(302)] could not read dos header from C:\WINDOWS\SYSTEM32\dhcpcsvc.DLL
[0615/181551.529:ERROR:process_reader_win.cc(242)] ReadMemory at 0x7ffd55190000 of 64 bytes failed: 仅完成部分的 ReadProcessMemory 或 WriteProcessMemory 请求。 (0x12B)
[0615/181551.529:WARNING:pe_image_reader.cc(302)] could not read dos header from C:\WINDOWS\System32\NSI.dll
[0615/181551.529:ERROR:process_reader_win.cc(242)] ReadMemory at 0x7ffd4e9b0000 of 64 bytes failed: 仅完成部分的 ReadProcessMemory 或 WriteProcessMemory 请求。 (0x12B)
[0615/181551.529:WARNING:pe_image_reader.cc(302)] could not read dos header from C:\WINDOWS\SYSTEM32\PROPSYS.dll
[0615/181551.529:ERROR:process_reader_win.cc(242)] ReadMemory at 0x7ffd515c0000 of 64 bytes failed: 仅完成部分的 ReadProcessMemory 或 WriteProcessMemory 请求。 (0x12B)
[0615/181551.529:WARNING:pe_image_reader.cc(302)] could not read dos header from C:\WINDOWS\SYSTEM32\bcrypt.dll
[0615/181551.529:ERROR:process_reader_win.cc(242)] ReadMemory at 0x7ffd4c930000 of 64 bytes failed: 仅完成部分的 ReadProcessMemory 或 WriteProcessMemory 请求。 (0x12B)
[0615/181551.529:WARNING:pe_image_reader.cc(302)] could not read dos header from C:\WINDOWS\SYSTEM32\iertutil.dll
[0615/181551.529:ERROR:process_reader_win.cc(242)] ReadMemory at 0x7ffd51960000 of 64 bytes failed: 仅完成部分的 ReadProcessMemory 或 WriteProcessMemory 请求。 (0x12B)
[0615/181551.529:WARNING:pe_image_reader.cc(302)] could not read dos header from C:\WINDOWS\SYSTEM32\SSPICLI.DLL
[0615/181551.529:ERROR:process_reader_win.cc(242)] ReadMemory at 0x7ffd54120000 of 64 bytes failed: 仅完成部分的 ReadProcessMemory 或 WriteProcessMemory 请求。 (0x12B)
[0615/181551.529:WARNING:pe_image_reader.cc(302)] could not read dos header from C:\WINDOWS\System32\SETUPAPI.dll
[0615/181551.529:ERROR:process_reader_win.cc(242)] ReadMemory at 0x7ffd51870000 of 64 bytes failed: 仅完成部分的 ReadProcessMemory 或 WriteProcessMemory 请求。 (0x12B)
[0615/181551.529:WARNING:pe_image_reader.cc(302)] could not read dos header from C:\WINDOWS\SYSTEM32\DEVOBJ.dll
[0615/181551.529:ERROR:process_reader_win.cc(242)] ReadMemory at 0x7ffd2e680000 of 64 bytes failed: 仅完成部分的 ReadProcessMemory 或 WriteProcessMemory 请求。 (0x12B)
[0615/181551.529:WARNING:pe_image_reader.cc(302)] could not read dos header from C:\WINDOWS\SYSTEM32\aticfx64.dll
[0615/181551.529:ERROR:process_reader_win.cc(242)] ReadMemory at 0x7ffd33780000 of 64 bytes failed: 仅完成部分的 ReadProcessMemory 或 WriteProcessMemory 请求。 (0x12B)
[0615/181551.529:WARNING:pe_image_reader.cc(302)] could not read dos header from C:\WINDOWS\SYSTEM32\mf.dll
[0615/181551.529:ERROR:process_reader_win.cc(242)] ReadMemory at 0x7ffd48800000 of 64 bytes failed: 仅完成部分的 ReadProcessMemory 或 WriteProcessMemory 请求。 (0x12B)
[0615/181551.529:WARNING:pe_image_reader.cc(302)] could not read dos header from C:\WINDOWS\SYSTEM32\mfplat.dll
[0615/181551.529:ERROR:process_reader_win.cc(242)] ReadMemory at 0x7ffd4a070000 of 64 bytes failed: 仅完成部分的 ReadProcessMemory 或 WriteProcessMemory 请求。 (0x12B)
[0615/181551.529:WARNING:pe_image_reader.cc(302)] could not read dos header from C:\WINDOWS\SYSTEM32\RTWorkQ.DLL
[0615/181551.529:ERROR:process_reader_win.cc(242)] ReadMemory at 0x7ffd2d1b0000 of 64 bytes failed: 仅完成部分的 ReadProcessMemory 或 WriteProcessMemory 请求。 (0x12B)
[0615/181551.529:WARNING:pe_image_reader.cc(302)] could not read dos header from C:\WINDOWS\SYSTEM32\msmpeg2vdec.dll
[0615/181551.529:ERROR:process_reader_win.cc(242)] ReadMemory at 0x7ffd32a40000 of 64 bytes failed: 仅完成部分的 ReadProcessMemory 或 WriteProcessMemory 请求。 (0x12B)
[0615/181551.529:WARNING:pe_image_reader.cc(302)] could not read dos header from C:\WINDOWS\SYSTEM32\mfperfhelper.dll
[0615/181551.529:ERROR:process_reader_win.cc(242)] ReadMemory at 0x7ffd514a0000 of 64 bytes failed: 仅完成部分的 ReadProcessMemory 或 WriteProcessMemory 请求。 (0x12B)
[0615/181551.529:WARNING:pe_image_reader.cc(302)] could not read dos header from C:\WINDOWS\SYSTEM32\cryptsp.dll
[0615/181551.529:ERROR:process_reader_win.cc(242)] ReadMemory at 0x7ffd3e8d0000 of 64 bytes failed: 仅完成部分的 ReadProcessMemory 或 WriteProcessMemory 请求。 (0x12B)
[0615/181551.529:WARNING:pe_image_reader.cc(302)] could not read dos header from C:\WINDOWS\SYSTEM32\dxva2.dll
[0615/181551.529:ERROR:process_reader_win.cc(242)] ReadMemory at 0x7ffd32be0000 of 64 bytes failed: 仅完成部分的 ReadProcessMemory 或 WriteProcessMemory 请求。 (0x12B)
[0615/181551.529:WARNING:pe_image_reader.cc(302)] could not read dos header from C:\WINDOWS\SYSTEM32\msvproc.dll
[0615/181551.529:ERROR:process_reader_win.cc(242)] ReadMemory at 0x7ffd47810000 of 64 bytes failed: 仅完成部分的 ReadProcessMemory 或 WriteProcessMemory 请求。 (0x12B)
[0615/181551.529:WARNING:pe_image_reader.cc(302)] could not read dos header from C:\WINDOWS\SYSTEM32\CompPkgSup.DLL
[0615/181551.529:ERROR:process_reader_win.cc(242)] ReadMemory at 0x7ffd4f750000 of 64 bytes failed: 仅完成部分的 ReadProcessMemory 或 WriteProcessMemory 请求。 (0x12B)
[0615/181551.529:WARNING:pe_image_reader.cc(302)] could not read dos header from C:\WINDOWS\SYSTEM32\D3DCompiler_47.dll
[0615/181551.529:ERROR:process_reader_win.cc(242)] ReadMemory at 0x7ffd274b0000 of 64 bytes failed: 仅完成部分的 ReadProcessMemory 或 WriteProcessMemory 请求。 (0x12B)
[0615/181551.529:WARNING:pe_image_reader.cc(302)] could not read dos header from C:\Program Files (x86)\Google\Chrome\Application\67.0.3396.87\libglesv2.dll
[0615/181551.529:ERROR:process_reader_win.cc(242)] ReadMemory at 0x7ffd30270000 of 64 bytes failed: 仅完成部分的 ReadProcessMemory 或 WriteProcessMemory 请求。 (0x12B)
[0615/181551.530:WARNING:pe_image_reader.cc(302)] could not read dos header from C:\WINDOWS\SYSTEM32\d3d9.dll
[0615/181551.530:ERROR:process_reader_win.cc(242)] ReadMemory at 0x7ffd503e0000 of 64 bytes failed: 仅完成部分的 ReadProcessMemory 或 WriteProcessMemory 请求。 (0x12B)
[0615/181551.530:WARNING:pe_image_reader.cc(302)] could not read dos header from C:\WINDOWS\SYSTEM32\dwmapi.dll
[0615/181551.530:ERROR:process_reader_win.cc(242)] ReadMemory at 0x7ffd4cca0000 of 64 bytes failed: 仅完成部分的 ReadProcessMemory 或 WriteProcessMemory 请求。 (0x12B)
[0615/181551.530:WARNING:pe_image_reader.cc(302)] could not read dos header from C:\Program Files (x86)\Google\Chrome\Application\67.0.3396.87\libegl.dll
[0615/181551.530:ERROR:process_reader_win.cc(242)] ReadMemory at 0x7ffd50310000 of 64 bytes failed: 仅完成部分的 ReadProcessMemory 或 WriteProcessMemory 请求。 (0x12B)
[0615/181551.530:WARNING:pe_image_reader.cc(302)] could not read dos header from C:\WINDOWS\system32\uxtheme.dll
[0615/181551.530:ERROR:process_reader_win.cc(242)] ReadMemory at 0x7ffd1dac0000 of 64 bytes failed: 仅完成部分的 ReadProcessMemory 或 WriteProcessMemory 请求。 (0x12B)
[0615/181551.530:WARNING:pe_image_reader.cc(302)] could not read dos header from C:\WINDOWS\SYSTEM32\igdumdim64.dll
[0615/181551.530:ERROR:process_reader_win.cc(242)] ReadMemory at 0x7ffd4cf10000 of 64 bytes failed: 仅完成部分的 ReadProcessMemory 或 WriteProcessMemory 请求。 (0x12B)
[0615/181551.530:WARNING:pe_image_reader.cc(302)] could not read dos header from C:\WINDOWS\SYSTEM32\igdusc64.dll
[0615/181551.530:ERROR:process_reader_win.cc(242)] ReadMemory at 0x7ffd52c40000 of 64 bytes failed: 仅完成部分的 ReadProcessMemory 或 WriteProcessMemory 请求。 (0x12B)
[0615/181551.530:WARNING:pe_image_reader.cc(302)] could not read dos header from C:\WINDOWS\System32\clbcatq.dll
[0615/181551.530:ERROR:process_reader_win.cc(242)] ReadMemory at 0x7ffd336f0000 of 64 bytes failed: 仅完成部分的 ReadProcessMemory 或 WriteProcessMemory 请求。 (0x12B)
[0615/181551.530:WARNING:pe_image_reader.cc(302)] could not read dos header from C:\Windows\System32\mfh264enc.dll
[0615/181551.530:ERROR:process_reader_win.cc(242)] ReadMemory at 0x7ffd4ffa0000 of 64 bytes failed: 仅完成部分的 ReadProcessMemory 或 WriteProcessMemory 请求。 (0x12B)
[0615/181551.530:WARNING:pe_image_reader.cc(302)] could not read dos header from C:\WINDOWS\SYSTEM32\dcomp.dll
[0615/181553.463:ERROR:process_reader_win.cc(242)] ReadMemory at 0xbf95f3000 of 53248 bytes failed: 仅完成部分的 ReadProcessMemory 或 WriteProcessMemory 请求。 (0x12B)
[0615/181553.463:ERROR:crash_report_exception_handler.cc(111)] WriteEverything failed
[0615/181553.669:ERROR:filesystem_win.cc(148)] DeleteFile C:\Users\璧典浼\AppData\Local\Google\Chrome\User Data\Crashpad\reports\b93ef340-e4b6-411f-8e49-9b1d0c371d64.dmp: 另一个程序正在使用此文件，进程无法访问。 (0x20)
[0615/181553.669:ERROR:scoped_process_suspend.cc(40)] NtResumeProcess: 已尝试访问正在退出的过程。 (0xc000010a)
